\BOOKMARK [0][-]{chapter.1}{\376\377\000R\000e\000l\000e\000a\000s\000e\000\040\000n\000o\000t\000e\000s}{}% 1
\BOOKMARK [1][-]{section.1.1}{\376\377\000J\000U\000L\000E\000S\000\040\000v\000e\000r\000s\000i\000o\000n\000\040\0007\000.\0003\000\040\000R\000e\000l\000e\000a\000s\000e\000\040\000N\000o\000t\000e\000s}{chapter.1}% 2
\BOOKMARK [2][-]{subsection.1.1.1}{\376\377\000G\000e\000n\000e\000r\000a\000l\000/\000T\000e\000c\000h\000n\000i\000c\000a\000l\000\040\000c\000h\000a\000n\000g\000e\000s}{section.1.1}% 3
\BOOKMARK [2][-]{subsection.1.1.2}{\376\377\000B\000u\000g\000s\000\040\000f\000i\000x\000e\000d}{section.1.1}% 4
\BOOKMARK [2][-]{subsection.1.1.3}{\376\377\000C\000h\000a\000n\000g\000e\000s\000\040\000t\000o\000\040\000t\000e\000s\000t\000i\000n\000g}{section.1.1}% 5
\BOOKMARK [2][-]{subsection.1.1.4}{\376\377\000D\000o\000c\000u\000m\000e\000n\000t\000a\000t\000i\000o\000n\000\040\000u\000p\000d\000a\000t\000e\000s}{section.1.1}% 6
\BOOKMARK [1][-]{section.1.2}{\376\377\000J\000U\000L\000E\000S\000\040\000v\000e\000r\000s\000i\000o\000n\000\040\0007\000.\0002\000\040\000R\000e\000l\000e\000a\000s\000e\000\040\000N\000o\000t\000e\000s}{chapter.1}% 7
\BOOKMARK [2][-]{subsection.1.2.1}{\376\377\000G\000e\000n\000e\000r\000a\000l\000/\000T\000e\000c\000h\000n\000i\000c\000a\000l\000\040\000c\000h\000a\000n\000g\000e\000s}{section.1.2}% 8
\BOOKMARK [2][-]{subsection.1.2.2}{\376\377\000B\000u\000g\000s\000\040\000f\000i\000x\000e\000d}{section.1.2}% 9
\BOOKMARK [2][-]{subsection.1.2.3}{\376\377\000C\000h\000a\000n\000g\000e\000s\000\040\000t\000o\000\040\000t\000e\000s\000t\000i\000n\000g}{section.1.2}% 10
\BOOKMARK [2][-]{subsection.1.2.4}{\376\377\000D\000o\000c\000u\000m\000e\000n\000t\000a\000t\000i\000o\000n\000\040\000u\000p\000d\000a\000t\000e\000s}{section.1.2}% 11
\BOOKMARK [1][-]{section.1.3}{\376\377\000J\000U\000L\000E\000S\000\040\000v\000e\000r\000s\000i\000o\000n\000\040\0007\000.\0001\000\040\000R\000e\000l\000e\000a\000s\000e\000\040\000N\000o\000t\000e\000s}{chapter.1}% 12
\BOOKMARK [2][-]{subsection.1.3.1}{\376\377\000S\000c\000i\000e\000n\000c\000e\000\040\000c\000h\000a\000n\000g\000e\000s}{section.1.3}% 13
\BOOKMARK [2][-]{subsection.1.3.2}{\376\377\000G\000e\000n\000e\000r\000a\000l\000/\000T\000e\000c\000h\000n\000i\000c\000a\000l\000\040\000c\000h\000a\000n\000g\000e\000s}{section.1.3}% 14
\BOOKMARK [2][-]{subsection.1.3.3}{\376\377\000B\000u\000g\000s\000\040\000f\000i\000x\000e\000d}{section.1.3}% 15
\BOOKMARK [2][-]{subsection.1.3.4}{\376\377\000C\000h\000a\000n\000g\000e\000s\000\040\000t\000o\000\040\000t\000e\000s\000t\000i\000n\000g}{section.1.3}% 16
\BOOKMARK [2][-]{subsection.1.3.5}{\376\377\000D\000o\000c\000u\000m\000e\000n\000t\000a\000t\000i\000o\000n\000\040\000u\000p\000d\000a\000t\000e\000s}{section.1.3}% 17
\BOOKMARK [1][-]{section.1.4}{\376\377\000J\000U\000L\000E\000S\000\040\000v\000e\000r\000s\000i\000o\000n\000\040\0007\000.\0000\000\040\000R\000e\000l\000e\000a\000s\000e\000\040\000N\000o\000t\000e\000s}{chapter.1}% 18
\BOOKMARK [2][-]{subsection.1.4.1}{\376\377\000S\000c\000i\000e\000n\000c\000e\000\040\000c\000h\000a\000n\000g\000e\000s}{section.1.4}% 19
\BOOKMARK [2][-]{subsection.1.4.2}{\376\377\000G\000e\000n\000e\000r\000a\000l\000/\000T\000e\000c\000h\000n\000i\000c\000a\000l\000\040\000c\000h\000a\000n\000g\000e\000s}{section.1.4}% 20
\BOOKMARK [2][-]{subsection.1.4.3}{\376\377\000B\000u\000g\000s\000\040\000f\000i\000x\000e\000d}{section.1.4}% 21
\BOOKMARK [2][-]{subsection.1.4.4}{\376\377\000C\000h\000a\000n\000g\000e\000s\000\040\000t\000o\000\040\000t\000e\000s\000t\000i\000n\000g}{section.1.4}% 22
\BOOKMARK [2][-]{subsection.1.4.5}{\376\377\000D\000o\000c\000u\000m\000e\000n\000t\000a\000t\000i\000o\000n\000\040\000u\000p\000d\000a\000t\000e\000s}{section.1.4}% 23
\BOOKMARK [1][-]{section.1.5}{\376\377\000J\000U\000L\000E\000S\000\040\000v\000e\000r\000s\000i\000o\000n\000\040\0006\000.\0003\000\040\000R\000e\000l\000e\000a\000s\000e\000\040\000N\000o\000t\000e\000s}{chapter.1}% 24
\BOOKMARK [2][-]{subsection.1.5.1}{\376\377\000S\000c\000i\000e\000n\000c\000e\000\040\000c\000h\000a\000n\000g\000e\000s}{section.1.5}% 25
\BOOKMARK [2][-]{subsection.1.5.2}{\376\377\000G\000e\000n\000e\000r\000a\000l\000/\000T\000e\000c\000h\000n\000i\000c\000a\000l\000\040\000c\000h\000a\000n\000g\000e\000s}{section.1.5}% 26
\BOOKMARK [2][-]{subsection.1.5.3}{\376\377\000B\000u\000g\000s\000\040\000f\000i\000x\000e\000d}{section.1.5}% 27
\BOOKMARK [2][-]{subsection.1.5.4}{\376\377\000D\000o\000c\000u\000m\000e\000n\000t\000a\000t\000i\000o\000n\000\040\000u\000p\000d\000a\000t\000e\000s}{section.1.5}% 28
\BOOKMARK [1][-]{section.1.6}{\376\377\000J\000U\000L\000E\000S\000\040\000v\000e\000r\000s\000i\000o\000n\000\040\0006\000.\0002\000\040\000R\000e\000l\000e\000a\000s\000e\000\040\000N\000o\000t\000e\000s}{chapter.1}% 29
\BOOKMARK [2][-]{subsection.1.6.1}{\376\377\000S\000c\000i\000e\000n\000c\000e\000\040\000c\000h\000a\000n\000g\000e\000s}{section.1.6}% 30
\BOOKMARK [2][-]{subsection.1.6.2}{\376\377\000G\000e\000n\000e\000r\000a\000l\000/\000T\000e\000c\000h\000n\000i\000c\000a\000l\000\040\000c\000h\000a\000n\000g\000e\000s}{section.1.6}% 31
\BOOKMARK [2][-]{subsection.1.6.3}{\376\377\000B\000u\000g\000s\000\040\000f\000i\000x\000e\000d}{section.1.6}% 32
\BOOKMARK [2][-]{subsection.1.6.4}{\376\377\000D\000o\000c\000u\000m\000e\000n\000t\000a\000t\000i\000o\000n\000\040\000u\000p\000d\000a\000t\000e\000s}{section.1.6}% 33
\BOOKMARK [1][-]{section.1.7}{\376\377\000J\000U\000L\000E\000S\000\040\000v\000e\000r\000s\000i\000o\000n\000\040\0006\000.\0001\000\040\000R\000e\000l\000e\000a\000s\000e\000\040\000N\000o\000t\000e\000s}{chapter.1}% 34
\BOOKMARK [2][-]{subsection.1.7.1}{\376\377\000G\000e\000n\000e\000r\000a\000l\000/\000T\000e\000c\000h\000n\000i\000c\000a\000l\000\040\000c\000h\000a\000n\000g\000e\000s}{section.1.7}% 35
\BOOKMARK [2][-]{subsection.1.7.2}{\376\377\000B\000u\000g\000s\000\040\000f\000i\000x\000e\000d}{section.1.7}% 36
\BOOKMARK [2][-]{subsection.1.7.3}{\376\377\000C\000h\000a\000n\000g\000e\000s\000\040\000t\000o\000\040\000t\000e\000s\000t\000i\000n\000g}{section.1.7}% 37
\BOOKMARK [2][-]{subsection.1.7.4}{\376\377\000D\000o\000c\000u\000m\000e\000n\000t\000a\000t\000i\000o\000n\000\040\000u\000p\000d\000a\000t\000e\000s}{section.1.7}% 38
\BOOKMARK [1][-]{section.1.8}{\376\377\000J\000U\000L\000E\000S\000\040\000v\000e\000r\000s\000i\000o\000n\000\040\0006\000.\0000\000\040\000R\000e\000l\000e\000a\000s\000e\000\040\000N\000o\000t\000e\000s}{chapter.1}% 39
\BOOKMARK [2][-]{subsection.1.8.1}{\376\377\000S\000c\000i\000e\000n\000c\000e\000\040\000c\000h\000a\000n\000g\000e\000s}{section.1.8}% 40
\BOOKMARK [2][-]{subsection.1.8.2}{\376\377\000G\000e\000n\000e\000r\000a\000l\000/\000T\000e\000c\000h\000n\000i\000c\000a\000l\000\040\000c\000h\000a\000n\000g\000e\000s}{section.1.8}% 41
\BOOKMARK [2][-]{subsection.1.8.3}{\376\377\000B\000u\000g\000s\000\040\000f\000i\000x\000e\000d}{section.1.8}% 42
\BOOKMARK [2][-]{subsection.1.8.4}{\376\377\000D\000o\000c\000u\000m\000e\000n\000t\000a\000t\000i\000o\000n\000\040\000u\000p\000d\000a\000t\000e\000s}{section.1.8}% 43
\BOOKMARK [1][-]{section.1.9}{\376\377\000J\000U\000L\000E\000S\000\040\000v\000e\000r\000s\000i\000o\000n\000\040\0005\000.\0009\000\040\000R\000e\000l\000e\000a\000s\000e\000\040\000N\000o\000t\000e\000s}{chapter.1}% 44
\BOOKMARK [2][-]{subsection.1.9.1}{\376\377\000S\000c\000i\000e\000n\000c\000e\000\040\000c\000h\000a\000n\000g\000e\000s}{section.1.9}% 45
\BOOKMARK [2][-]{subsection.1.9.2}{\376\377\000G\000e\000n\000e\000r\000a\000l\000/\000T\000e\000c\000h\000n\000i\000c\000a\000l\000\040\000c\000h\000a\000n\000g\000e\000s}{section.1.9}% 46
\BOOKMARK [2][-]{subsection.1.9.3}{\376\377\000B\000u\000g\000s\000\040\000f\000i\000x\000e\000d}{section.1.9}% 47
\BOOKMARK [2][-]{subsection.1.9.4}{\376\377\000C\000h\000a\000n\000g\000e\000s\000\040\000t\000o\000\040\000t\000e\000s\000t\000i\000n\000g}{section.1.9}% 48
\BOOKMARK [2][-]{subsection.1.9.5}{\376\377\000D\000o\000c\000u\000m\000e\000n\000t\000a\000t\000i\000o\000n\000\040\000u\000p\000d\000a\000t\000e\000s}{section.1.9}% 49
\BOOKMARK [1][-]{section.1.10}{\376\377\000J\000U\000L\000E\000S\000\040\000v\000e\000r\000s\000i\000o\000n\000\040\0005\000.\0008\000\040\000R\000e\000l\000e\000a\000s\000e\000\040\000N\000o\000t\000e\000s}{chapter.1}% 50
\BOOKMARK [2][-]{subsection.1.10.1}{\376\377\000G\000e\000n\000e\000r\000a\000l\000/\000T\000e\000c\000h\000n\000i\000c\000a\000l\000\040\000c\000h\000a\000n\000g\000e\000s}{section.1.10}% 51
\BOOKMARK [2][-]{subsection.1.10.2}{\376\377\000B\000u\000g\000s\000\040\000f\000i\000x\000e\000d}{section.1.10}% 52
\BOOKMARK [2][-]{subsection.1.10.3}{\376\377\000C\000h\000a\000n\000g\000e\000s\000\040\000t\000o\000\040\000t\000e\000s\000t\000i\000n\000g}{section.1.10}% 53
\BOOKMARK [2][-]{subsection.1.10.4}{\376\377\000D\000o\000c\000u\000m\000e\000n\000t\000a\000t\000i\000o\000n\000\040\000u\000p\000d\000a\000t\000e\000s}{section.1.10}% 54
\BOOKMARK [1][-]{section.1.11}{\376\377\000J\000U\000L\000E\000S\000\040\000v\000e\000r\000s\000i\000o\000n\000\040\0005\000.\0007\000\040\000R\000e\000l\000e\000a\000s\000e\000\040\000N\000o\000t\000e\000s}{chapter.1}% 55
\BOOKMARK [2][-]{subsection.1.11.1}{\376\377\000S\000c\000i\000e\000n\000c\000e\000\040\000c\000h\000a\000n\000g\000e\000s}{section.1.11}% 56
\BOOKMARK [2][-]{subsection.1.11.2}{\376\377\000G\000e\000n\000e\000r\000a\000l\000/\000T\000e\000c\000h\000n\000i\000c\000a\000l\000\040\000c\000h\000a\000n\000g\000e\000s}{section.1.11}% 57
\BOOKMARK [2][-]{subsection.1.11.3}{\376\377\000B\000u\000g\000s\000\040\000f\000i\000x\000e\000d}{section.1.11}% 58
\BOOKMARK [2][-]{subsection.1.11.4}{\376\377\000C\000h\000a\000n\000g\000e\000s\000\040\000t\000o\000\040\000t\000e\000s\000t\000i\000n\000g}{section.1.11}% 59
\BOOKMARK [2][-]{subsection.1.11.5}{\376\377\000D\000o\000c\000u\000m\000e\000n\000t\000a\000t\000i\000o\000n\000\040\000u\000p\000d\000a\000t\000e\000s}{section.1.11}% 60
\BOOKMARK [1][-]{section.1.12}{\376\377\000J\000U\000L\000E\000S\000\040\000v\000e\000r\000s\000i\000o\000n\000\040\0005\000.\0006\000\040\000R\000e\000l\000e\000a\000s\000e\000\040\000N\000o\000t\000e\000s}{chapter.1}% 61
\BOOKMARK [2][-]{subsection.1.12.1}{\376\377\000S\000c\000i\000e\000n\000c\000e\000\040\000c\000h\000a\000n\000g\000e\000s}{section.1.12}% 62
\BOOKMARK [2][-]{subsection.1.12.2}{\376\377\000G\000e\000n\000e\000r\000a\000l\000/\000T\000e\000c\000h\000n\000i\000c\000a\000l\000\040\000c\000h\000a\000n\000g\000e\000s}{section.1.12}% 63
\BOOKMARK [2][-]{subsection.1.12.3}{\376\377\000C\000h\000a\000n\000g\000e\000s\000\040\000t\000o\000\040\000t\000e\000s\000t\000i\000n\000g}{section.1.12}% 64
\BOOKMARK [2][-]{subsection.1.12.4}{\376\377\000D\000o\000c\000u\000m\000e\000n\000t\000a\000t\000i\000o\000n\000\040\000u\000p\000d\000a\000t\000e\000s}{section.1.12}% 65
\BOOKMARK [1][-]{section.1.13}{\376\377\000J\000U\000L\000E\000S\000\040\000v\000e\000r\000s\000i\000o\000n\000\040\0005\000.\0005\000\040\000R\000e\000l\000e\000a\000s\000e\000\040\000N\000o\000t\000e\000s}{chapter.1}% 66
\BOOKMARK [2][-]{subsection.1.13.1}{\376\377\000S\000c\000i\000e\000n\000c\000e\000\040\000c\000h\000a\000n\000g\000e\000s}{section.1.13}% 67
\BOOKMARK [2][-]{subsection.1.13.2}{\376\377\000G\000e\000n\000e\000r\000a\000l\000/\000T\000e\000c\000h\000n\000i\000c\000a\000l\000\040\000c\000h\000a\000n\000g\000e\000s}{section.1.13}% 68
\BOOKMARK [2][-]{subsection.1.13.3}{\376\377\000B\000u\000g\000s\000\040\000f\000i\000x\000e\000d}{section.1.13}% 69
\BOOKMARK [2][-]{subsection.1.13.4}{\376\377\000D\000o\000c\000u\000m\000e\000n\000t\000a\000t\000i\000o\000n\000\040\000u\000p\000d\000a\000t\000e\000s}{section.1.13}% 70
\BOOKMARK [1][-]{section.1.14}{\376\377\000J\000U\000L\000E\000S\000\040\000v\000e\000r\000s\000i\000o\000n\000\040\0005\000.\0004\000\040\000R\000e\000l\000e\000a\000s\000e\000\040\000N\000o\000t\000e\000s}{chapter.1}% 71
\BOOKMARK [2][-]{subsection.1.14.1}{\376\377\000S\000c\000i\000e\000n\000c\000e\000\040\000c\000h\000a\000n\000g\000e\000s}{section.1.14}% 72
\BOOKMARK [2][-]{subsection.1.14.2}{\376\377\000G\000e\000n\000e\000r\000a\000l\000/\000T\000e\000c\000h\000n\000i\000c\000a\000l\000\040\000c\000h\000a\000n\000g\000e\000s}{section.1.14}% 73
\BOOKMARK [2][-]{subsection.1.14.3}{\376\377\000B\000u\000g\000s\000\040\000f\000i\000x\000e\000d}{section.1.14}% 74
\BOOKMARK [2][-]{subsection.1.14.4}{\376\377\000C\000h\000a\000n\000g\000e\000s\000\040\000t\000o\000\040\000t\000e\000s\000t\000i\000n\000g}{section.1.14}% 75
\BOOKMARK [2][-]{subsection.1.14.5}{\376\377\000D\000o\000c\000u\000m\000e\000n\000t\000a\000t\000i\000o\000n\000\040\000u\000p\000d\000a\000t\000e\000s}{section.1.14}% 76
\BOOKMARK [1][-]{section.1.15}{\376\377\000J\000U\000L\000E\000S\000\040\000v\000e\000r\000s\000i\000o\000n\000\040\0005\000.\0003\000\040\000R\000e\000l\000e\000a\000s\000e\000\040\000N\000o\000t\000e\000s}{chapter.1}% 77
\BOOKMARK [2][-]{subsection.1.15.1}{\376\377\000S\000c\000i\000e\000n\000c\000e\000\040\000c\000h\000a\000n\000g\000e\000s}{section.1.15}% 78
\BOOKMARK [2][-]{subsection.1.15.2}{\376\377\000G\000e\000n\000e\000r\000a\000l\000/\000T\000e\000c\000h\000n\000i\000c\000a\000l\000\040\000c\000h\000a\000n\000g\000e\000s}{section.1.15}% 79
\BOOKMARK [2][-]{subsection.1.15.3}{\376\377\000B\000u\000g\000s\000\040\000f\000i\000x\000e\000d}{section.1.15}% 80
\BOOKMARK [2][-]{subsection.1.15.4}{\376\377\000C\000h\000a\000n\000g\000e\000s\000\040\000t\000o\000\040\000t\000e\000s\000t\000i\000n\000g}{section.1.15}% 81
\BOOKMARK [2][-]{subsection.1.15.5}{\376\377\000D\000o\000c\000u\000m\000e\000n\000t\000a\000t\000i\000o\000n\000\040\000u\000p\000d\000a\000t\000e\000s}{section.1.15}% 82
\BOOKMARK [1][-]{section.1.16}{\376\377\000J\000U\000L\000E\000S\000\040\000v\000e\000r\000s\000i\000o\000n\000\040\0005\000.\0002\000\040\000R\000e\000l\000e\000a\000s\000e\000\040\000N\000o\000t\000e\000s}{chapter.1}% 83
\BOOKMARK [2][-]{subsection.1.16.1}{\376\377\000S\000c\000i\000e\000n\000c\000e\000\040\000c\000h\000a\000n\000g\000e\000s}{section.1.16}% 84
\BOOKMARK [2][-]{subsection.1.16.2}{\376\377\000G\000e\000n\000e\000r\000a\000l\000/\000T\000e\000c\000h\000n\000i\000c\000a\000l\000\040\000c\000h\000a\000n\000g\000e\000s}{section.1.16}% 85
\BOOKMARK [2][-]{subsection.1.16.3}{\376\377\000C\000h\000a\000n\000g\000e\000s\000\040\000t\000o\000\040\000t\000e\000s\000t\000i\000n\000g}{section.1.16}% 86
\BOOKMARK [2][-]{subsection.1.16.4}{\376\377\000B\000u\000g\000s\000\040\000f\000i\000x\000e\000d}{section.1.16}% 87
\BOOKMARK [2][-]{subsection.1.16.5}{\376\377\000D\000o\000c\000u\000m\000e\000n\000t\000a\000t\000i\000o\000n\000\040\000u\000p\000d\000a\000t\000e\000s}{section.1.16}% 88
\BOOKMARK [1][-]{section.1.17}{\376\377\000J\000U\000L\000E\000S\000\040\000v\000e\000r\000s\000i\000o\000n\000\040\0005\000.\0001\000\040\000R\000e\000l\000e\000a\000s\000e\000\040\000N\000o\000t\000e\000s}{chapter.1}% 89
\BOOKMARK [2][-]{subsection.1.17.1}{\376\377\000S\000c\000i\000e\000n\000c\000e\000\040\000c\000h\000a\000n\000g\000e\000s}{section.1.17}% 90
\BOOKMARK [2][-]{subsection.1.17.2}{\376\377\000G\000e\000n\000e\000r\000a\000l\000/\000T\000e\000c\000h\000n\000i\000c\000a\000l\000\040\000c\000h\000a\000n\000g\000e\000s}{section.1.17}% 91
\BOOKMARK [2][-]{subsection.1.17.3}{\376\377\000B\000u\000g\000s\000\040\000f\000i\000x\000e\000d}{section.1.17}% 92
\BOOKMARK [2][-]{subsection.1.17.4}{\376\377\000D\000o\000c\000u\000m\000e\000n\000t\000a\000t\000i\000o\000n\000\040\000u\000p\000d\000a\000t\000e\000s}{section.1.17}% 93
\BOOKMARK [1][-]{section.1.18}{\376\377\000J\000U\000L\000E\000S\000\040\000v\000e\000r\000s\000i\000o\000n\000\040\0005\000.\0000\000\040\000R\000e\000l\000e\000a\000s\000e\000\040\000N\000o\000t\000e\000s}{chapter.1}% 94
\BOOKMARK [2][-]{subsection.1.18.1}{\376\377\000G\000e\000n\000e\000r\000a\000l\000/\000T\000e\000c\000h\000n\000i\000c\000a\000l\000\040\000c\000h\000a\000n\000g\000e\000s}{section.1.18}% 95
\BOOKMARK [2][-]{subsection.1.18.2}{\376\377\000B\000u\000g\000s\000\040\000f\000i\000x\000e\000d}{section.1.18}% 96
\BOOKMARK [2][-]{subsection.1.18.3}{\376\377\000D\000o\000c\000u\000m\000e\000n\000t\000a\000t\000i\000o\000n\000\040\000u\000p\000d\000a\000t\000e\000s}{section.1.18}% 97
\BOOKMARK [1][-]{section.1.19}{\376\377\000J\000U\000L\000E\000S\000\040\000v\000e\000r\000s\000i\000o\000n\000\040\0004\000.\0009\000\040\000R\000e\000l\000e\000a\000s\000e\000\040\000N\000o\000t\000e\000s}{chapter.1}% 98
\BOOKMARK [2][-]{subsection.1.19.1}{\376\377\000S\000c\000i\000e\000n\000c\000e\000\040\000c\000h\000a\000n\000g\000e\000s}{section.1.19}% 99
\BOOKMARK [2][-]{subsection.1.19.2}{\376\377\000G\000e\000n\000e\000r\000a\000l\000/\000T\000e\000c\000h\000n\000i\000c\000a\000l\000\040\000c\000h\000a\000n\000g\000e\000s}{section.1.19}% 100
\BOOKMARK [2][-]{subsection.1.19.3}{\376\377\000B\000u\000g\000s\000\040\000f\000i\000x\000e\000d}{section.1.19}% 101
\BOOKMARK [2][-]{subsection.1.19.4}{\376\377\000D\000o\000c\000u\000m\000e\000n\000t\000a\000t\000i\000o\000n\000\040\000u\000p\000d\000a\000t\000e\000s}{section.1.19}% 102
\BOOKMARK [1][-]{section.1.20}{\376\377\000J\000U\000L\000E\000S\000\040\000v\000e\000r\000s\000i\000o\000n\000\040\0004\000.\0008\000\040\000R\000e\000l\000e\000a\000s\000e\000\040\000N\000o\000t\000e\000s}{chapter.1}% 103
\BOOKMARK [2][-]{subsection.1.20.1}{\376\377\000S\000c\000i\000e\000n\000c\000e\000\040\000c\000h\000a\000n\000g\000e\000s}{section.1.20}% 104
\BOOKMARK [2][-]{subsection.1.20.2}{\376\377\000G\000e\000n\000e\000r\000a\000l\000/\000T\000e\000c\000h\000n\000i\000c\000a\000l\000\040\000c\000h\000a\000n\000g\000e\000s}{section.1.20}% 105
\BOOKMARK [2][-]{subsection.1.20.3}{\376\377\000B\000u\000g\000s\000\040\000f\000i\000x\000e\000d}{section.1.20}% 106
\BOOKMARK [2][-]{subsection.1.20.4}{\376\377\000D\000o\000c\000u\000m\000e\000n\000t\000a\000t\000i\000o\000n\000\040\000u\000p\000d\000a\000t\000e\000s}{section.1.20}% 107
\BOOKMARK [1][-]{section.1.21}{\376\377\000J\000U\000L\000E\000S\000\040\000v\000e\000r\000s\000i\000o\000n\000\040\0004\000.\0007\000\040\000R\000e\000l\000e\000a\000s\000e\000\040\000N\000o\000t\000e\000s}{chapter.1}% 108
\BOOKMARK [2][-]{subsection.1.21.1}{\376\377\000S\000c\000i\000e\000n\000c\000e\000\040\000c\000h\000a\000n\000g\000e\000s}{section.1.21}% 109
\BOOKMARK [2][-]{subsection.1.21.2}{\376\377\000G\000e\000n\000e\000r\000a\000l\000/\000T\000e\000c\000h\000n\000i\000c\000a\000l\000\040\000c\000h\000a\000n\000g\000e\000s}{section.1.21}% 110
\BOOKMARK [2][-]{subsection.1.21.3}{\376\377\000B\000u\000g\000s\000\040\000f\000i\000x\000e\000d}{section.1.21}% 111
\BOOKMARK [2][-]{subsection.1.21.4}{\376\377\000D\000o\000c\000u\000m\000e\000n\000t\000a\000t\000i\000o\000n\000\040\000u\000p\000d\000a\000t\000e\000s}{section.1.21}% 112
\BOOKMARK [1][-]{section.1.22}{\376\377\000J\000U\000L\000E\000S\000\040\000v\000e\000r\000s\000i\000o\000n\000\040\0004\000.\0006\000\040\000R\000e\000l\000e\000a\000s\000e\000\040\000N\000o\000t\000e\000s}{chapter.1}% 113
\BOOKMARK [2][-]{subsection.1.22.1}{\376\377\000S\000c\000i\000e\000n\000c\000e\000\040\000c\000h\000a\000n\000g\000e\000s}{section.1.22}% 114
\BOOKMARK [2][-]{subsection.1.22.2}{\376\377\000T\000e\000c\000h\000n\000i\000c\000a\000l\000\040\000c\000h\000a\000n\000g\000e\000s}{section.1.22}% 115
\BOOKMARK [2][-]{subsection.1.22.3}{\376\377\000B\000u\000g\000s\000\040\000f\000i\000x\000e\000d}{section.1.22}% 116
\BOOKMARK [2][-]{subsection.1.22.4}{\376\377\000D\000o\000c\000u\000m\000e\000n\000t\000a\000t\000i\000o\000n\000\040\000u\000p\000d\000a\000t\000e\000s}{section.1.22}% 117
\BOOKMARK [1][-]{section.1.23}{\376\377\000J\000U\000L\000E\000S\000\040\000v\000e\000r\000s\000i\000o\000n\000\040\0004\000.\0005\000\040\000R\000e\000l\000e\000a\000s\000e\000\040\000N\000o\000t\000e\000s}{chapter.1}% 118
\BOOKMARK [2][-]{subsection.1.23.1}{\376\377\000S\000c\000i\000e\000n\000c\000e\000\040\000c\000h\000a\000n\000g\000e\000s}{section.1.23}% 119
\BOOKMARK [2][-]{subsection.1.23.2}{\376\377\000T\000e\000c\000h\000n\000i\000c\000a\000l\000\040\000c\000h\000a\000n\000g\000e\000s}{section.1.23}% 120
\BOOKMARK [2][-]{subsection.1.23.3}{\376\377\000B\000u\000g\000s\000\040\000f\000i\000x\000e\000d}{section.1.23}% 121
\BOOKMARK [2][-]{subsection.1.23.4}{\376\377\000D\000o\000c\000u\000m\000e\000n\000t\000a\000t\000i\000o\000n\000\040\000u\000p\000d\000a\000t\000e\000s}{section.1.23}% 122
\BOOKMARK [1][-]{section.1.24}{\376\377\000J\000U\000L\000E\000S\000\040\000v\000e\000r\000s\000i\000o\000n\000\040\0004\000.\0004\000\040\000R\000e\000l\000e\000a\000s\000e\000\040\000N\000o\000t\000e\000s}{chapter.1}% 123
\BOOKMARK [2][-]{subsection.1.24.1}{\376\377\000S\000c\000i\000e\000n\000c\000e\000\040\000c\000h\000a\000n\000g\000e\000s}{section.1.24}% 124
\BOOKMARK [2][-]{subsection.1.24.2}{\376\377\000T\000e\000c\000h\000n\000i\000c\000a\000l\000\040\000c\000h\000a\000n\000g\000e\000s}{section.1.24}% 125
\BOOKMARK [2][-]{subsection.1.24.3}{\376\377\000B\000u\000g\000s\000\040\000f\000i\000x\000e\000d}{section.1.24}% 126
\BOOKMARK [1][-]{section.1.25}{\376\377\000J\000U\000L\000E\000S\000\040\000v\000e\000r\000s\000i\000o\000n\000\040\0004\000.\0003\000\040\000R\000e\000l\000e\000a\000s\000e\000\040\000N\000o\000t\000e\000s}{chapter.1}% 127
\BOOKMARK [2][-]{subsection.1.25.1}{\376\377\000S\000c\000i\000e\000n\000c\000e\000\040\000c\000h\000a\000n\000g\000e\000s}{section.1.25}% 128
\BOOKMARK [2][-]{subsection.1.25.2}{\376\377\000T\000e\000c\000h\000n\000i\000c\000a\000l\000\040\000c\000h\000a\000n\000g\000e\000s}{section.1.25}% 129
\BOOKMARK [2][-]{subsection.1.25.3}{\376\377\000B\000u\000g\000s\000\040\000f\000i\000x\000e\000d}{section.1.25}% 130
\BOOKMARK [1][-]{section.1.26}{\376\377\000J\000U\000L\000E\000S\000\040\000v\000e\000r\000s\000i\000o\000n\000\040\0004\000.\0002\000\040\000R\000e\000l\000e\000a\000s\000e\000\040\000N\000o\000t\000e\000s}{chapter.1}% 131
\BOOKMARK [2][-]{subsection.1.26.1}{\376\377\000S\000c\000i\000e\000n\000c\000e\000\040\000c\000h\000a\000n\000g\000e\000s}{section.1.26}% 132
\BOOKMARK [2][-]{subsection.1.26.2}{\376\377\000T\000e\000c\000h\000n\000i\000c\000a\000l\000\040\000c\000h\000a\000n\000g\000e\000s}{section.1.26}% 133
\BOOKMARK [2][-]{subsection.1.26.3}{\376\377\000B\000u\000g\000s\000\040\000f\000i\000x\000e\000d}{section.1.26}% 134
\BOOKMARK [1][-]{section.1.27}{\376\377\000J\000U\000L\000E\000S\000\040\000v\000e\000r\000s\000i\000o\000n\000\040\0004\000.\0001\000\040\000R\000e\000l\000e\000a\000s\000e\000\040\000N\000o\000t\000e\000s}{chapter.1}% 135
\BOOKMARK [2][-]{subsection.1.27.1}{\376\377\000I\000r\000r\000i\000g\000a\000t\000i\000o\000n\000\040\000d\000e\000m\000a\000n\000d}{section.1.27}% 136
\BOOKMARK [2][-]{subsection.1.27.2}{\376\377\000C\000a\000r\000b\000o\000n\000\040\000c\000y\000c\000l\000e\000\040\000d\000e\000v\000e\000l\000o\000p\000m\000e\000n\000t\000s}{section.1.27}% 137
\BOOKMARK [2][-]{subsection.1.27.3}{\376\377\000M\000a\000x\000i\000m\000u\000m\000\040\000a\000n\000d\000\040\000m\000i\000n\000i\000m\000u\000m\000\040\000o\000u\000t\000p\000u\000t\000\040\000t\000y\000p\000e\000s}{section.1.27}% 138
\BOOKMARK [2][-]{subsection.1.27.4}{\376\377\000C\000h\000a\000n\000g\000e\000s\000\040\000t\000o\000\040\000t\000h\000e\000\040\000c\000o\000u\000p\000l\000i\000n\000g\000\040\000r\000o\000u\000t\000i\000n\000e\000s}{section.1.27}% 139
\BOOKMARK [2][-]{subsection.1.27.5}{\376\377\000B\000u\000g\000s\000\040\000a\000n\000d\000\040\000o\000t\000h\000e\000r\000\040\000c\000h\000a\000n\000g\000e\000s}{section.1.27}% 140
\BOOKMARK [1][-]{section.1.28}{\376\377\000J\000U\000L\000E\000S\000\040\000v\000e\000r\000s\000i\000o\000n\000\040\0004\000.\0000\000\040\000R\000e\000l\000e\000a\000s\000e\000\040\000N\000o\000t\000e\000s}{chapter.1}% 141
\BOOKMARK [2][-]{subsection.1.28.1}{\376\377\000J\000U\000L\000E\000S\000-\000C\000r\000o\000p\000\040\000c\000r\000o\000p\000\040\000m\000o\000d\000e\000l}{section.1.28}% 142
\BOOKMARK [2][-]{subsection.1.28.2}{\376\377\000D\000a\000i\000l\000y\000\040\000d\000i\000s\000a\000g\000g\000r\000e\000g\000a\000t\000o\000r\000\040\000f\000o\000r\000\040\000f\000o\000r\000c\000i\000n\000g\000\040\000d\000a\000t\000a}{section.1.28}% 143
\BOOKMARK [2][-]{subsection.1.28.3}{\376\377\000M\000a\000j\000o\000r\000\040\000n\000a\000m\000e\000l\000i\000s\000t\000\040\000c\000h\000a\000n\000g\000e\000s}{section.1.28}% 144
\BOOKMARK [2][-]{subsection.1.28.4}{\376\377\000R\000e\000m\000o\000v\000a\000l\000\040\000o\000f\000\040\000G\000N\000U\000\040\000m\000a\000k\000e\000\040\000b\000u\000i\000l\000d\000\040\000f\000i\000l\000e\000s}{section.1.28}% 145
\BOOKMARK [2][-]{subsection.1.28.5}{\376\377\000B\000u\000g\000s\000\040\000a\000n\000d\000\040\000o\000t\000h\000e\000r\000\040\000c\000h\000a\000n\000g\000e\000s}{section.1.28}% 146
\BOOKMARK [1][-]{section.1.29}{\376\377\000J\000U\000L\000E\000S\000\040\000v\000e\000r\000s\000i\000o\000n\000\040\0003\000.\0004\000\040\000R\000e\000l\000e\000a\000s\000e\000\040\000N\000o\000t\000e\000s}{chapter.1}% 147
\BOOKMARK [2][-]{subsection.1.29.1}{\376\377\000C\000h\000a\000n\000g\000e\000s\000\040\000t\000o\000\040\000s\000e\000m\000a\000n\000t\000i\000c\000s\000\040\000o\000f\000\040\000o\000u\000t\000p\000u\000t}{section.1.29}% 148
\BOOKMARK [2][-]{subsection.1.29.2}{\376\377\000I\000n\000p\000u\000t\000\040\000a\000n\000d\000/\000o\000r\000\040\000o\000u\000t\000p\000u\000t\000\040\000o\000f\000\040\000v\000a\000r\000i\000a\000b\000l\000e\000s\000\040\000w\000i\000t\000h\000\040\000m\000u\000l\000t\000i\000p\000l\000e\000\040\040\030\000l\000e\000v\000e\000l\000s\040\031\000\040\000d\000i\000m\000e\000n\000s\000i\000o\000n\000s\000\040\000h\000a\000s\000\040\000b\000e\000e\000n\000\040\000i\000m\000p\000r\000o\000v\000e\000d}{section.1.29}% 149
\BOOKMARK [2][-]{subsection.1.29.3}{\376\377\000S\000t\000r\000e\000a\000m\000l\000i\000n\000e\000d\000\040\000p\000r\000o\000c\000e\000s\000s\000\040\000f\000o\000r\000\040\000a\000d\000d\000i\000n\000g\000\040\000n\000e\000w\000\040\000v\000a\000r\000i\000a\000b\000l\000e\000s\000\040\000f\000o\000r\000\040\000i\000n\000p\000u\000t\000\040\000a\000n\000d\000/\000o\000r\000\040\000o\000u\000t\000p\000u\000t}{section.1.29}% 150
\BOOKMARK [2][-]{subsection.1.29.4}{\376\377\000O\000t\000h\000e\000r\000\040\000c\000h\000a\000n\000g\000e\000s}{section.1.29}% 151
\BOOKMARK [2][-]{subsection.1.29.5}{\376\377\000B\000u\000g\000s\000\040\000f\000i\000x\000e\000d}{section.1.29}% 152
\BOOKMARK [1][-]{section.1.30}{\376\377\000J\000U\000L\000E\000S\000\040\000v\000e\000r\000s\000i\000o\000n\000\040\0003\000.\0003\000\040\000R\000e\000l\000e\000a\000s\000e\000\040\000N\000o\000t\000e\000s}{chapter.1}% 153
\BOOKMARK [2][-]{subsection.1.30.1}{\376\377\000A\000b\000i\000l\000i\000t\000y\000\040\000t\000o\000\040\000r\000u\000n\000\040\000J\000U\000L\000E\000S\000\040\000i\000n\000\040\000p\000a\000r\000a\000l\000l\000e\000l}{section.1.30}% 154
\BOOKMARK [2][-]{subsection.1.30.2}{\376\377\000C\000h\000a\000n\000g\000e\000s\000\040\000t\000o\000\040\000d\000o\000c\000u\000m\000e\000n\000t\000a\000t\000i\000o\000n}{section.1.30}% 155
\BOOKMARK [2][-]{subsection.1.30.3}{\376\377\000O\000t\000h\000e\000r\000\040\000c\000h\000a\000n\000g\000e\000s}{section.1.30}% 156
\BOOKMARK [2][-]{subsection.1.30.4}{\376\377\000B\000u\000g\000s\000\040\000f\000i\000x\000e\000d}{section.1.30}% 157
\BOOKMARK [1][-]{section.1.31}{\376\377\000J\000U\000L\000E\000S\000\040\000v\000e\000r\000s\000i\000o\000n\000\040\0003\000.\0002\000\040\000R\000e\000l\000e\000a\000s\000e\000\040\000N\000o\000t\000e\000s}{chapter.1}% 158
\BOOKMARK [2][-]{subsection.1.31.1}{\376\377\000S\000t\000a\000n\000d\000a\000r\000d\000\040\000C\000o\000n\000f\000i\000g\000u\000r\000a\000t\000i\000o\000n\000s}{section.1.31}% 159
\BOOKMARK [2][-]{subsection.1.31.2}{\376\377\000I\000m\000p\000r\000o\000v\000e\000m\000e\000n\000t\000s\000\040\000t\000o\000\040\000o\000u\000t\000p\000u\000t}{section.1.31}% 160
\BOOKMARK [2][-]{subsection.1.31.3}{\376\377\000B\000i\000o\000g\000e\000n\000i\000c\000\040\000V\000o\000l\000a\000t\000i\000l\000e\000\040\000O\000r\000g\000a\000n\000i\000c\000\040\000C\000o\000m\000p\000o\000u\000n\000d\000\040\000\050\000B\000V\000O\000C\000\051\000\040\000e\000m\000i\000s\000s\000i\000o\000n\000s}{section.1.31}% 161
\BOOKMARK [2][-]{subsection.1.31.4}{\376\377\000A\000l\000t\000e\000r\000n\000a\000t\000i\000v\000e\000\040\000b\000u\000i\000l\000d\000\040\000s\000y\000s\000t\000e\000m}{section.1.31}% 162
\BOOKMARK [2][-]{subsection.1.31.5}{\376\377\000B\000u\000g\000s\000\040\000f\000i\000x\000e\000d}{section.1.31}% 163
\BOOKMARK [1][-]{section.1.32}{\376\377\000J\000U\000L\000E\000S\000\040\000v\000e\000r\000s\000i\000o\000n\000\040\0003\000.\0001\000\040\000R\000e\000l\000e\000a\000s\000e\000\040\000N\000o\000t\000e\000s}{chapter.1}% 164
\BOOKMARK [2][-]{subsection.1.32.1}{\376\377\000R\000e\000s\000t\000r\000u\000c\000t\000u\000r\000i\000n\000g\000\040\000o\000f\000\040\000t\000h\000e\000\040\000c\000o\000d\000e}{section.1.32}% 165
\BOOKMARK [2][-]{subsection.1.32.2}{\376\377\000N\000e\000w\000\040\000I\000/\000O\000\040\000f\000r\000a\000m\000e\000w\000o\000r\000k}{section.1.32}% 166
\BOOKMARK [2][-]{subsection.1.32.3}{\376\377\000U\000s\000e\000r\000\040\000I\000n\000t\000e\000r\000f\000a\000c\000e\000\040\000c\000h\000a\000n\000g\000e\000s}{section.1.32}% 167
\BOOKMARK [2][-]{subsection.1.32.4}{\376\377\000O\000t\000h\000e\000r\000\040\000c\000h\000a\000n\000g\000e\000s}{section.1.32}% 168
\BOOKMARK [1][-]{section.1.33}{\376\377\000J\000U\000L\000E\000S\000\040\000v\000e\000r\000s\000i\000o\000n\000\040\0003\000.\0000\000\040\000R\000e\000l\000e\000a\000s\000e\000\040\000N\000o\000t\000e\000s}{chapter.1}% 169
\BOOKMARK [1][-]{section.1.34}{\376\377\000J\000U\000L\000E\000S\000\040\000v\000e\000r\000s\000i\000o\000n\000\040\0002\000.\0002\000\040\000R\000e\000l\000e\000a\000s\000e\000\040\000N\000o\000t\000e\000s}{chapter.1}% 170
\BOOKMARK [1][-]{section.1.35}{\376\377\000J\000U\000L\000E\000S\000\040\000v\000e\000r\000s\000i\000o\000n\000\040\0002\000.\0001\000\040\000R\000e\000l\000e\000a\000s\000e\000\040\000N\000o\000t\000e\000s}{chapter.1}% 171
\BOOKMARK [2][-]{subsection.1.35.1}{\376\377\000P\000r\000o\000c\000e\000s\000s\000\040\000d\000e\000s\000c\000r\000i\000p\000t\000i\000o\000n\000s}{section.1.35}% 172
\BOOKMARK [2][-]{subsection.1.35.2}{\376\377\000C\000o\000n\000t\000r\000o\000l\000-\000l\000e\000v\000e\000l\000\040\000c\000o\000d\000e}{section.1.35}% 173
\BOOKMARK [1][-]{section.1.36}{\376\377\000J\000U\000L\000E\000S\000\040\000v\000e\000r\000s\000i\000o\000n\000\040\0002\000.\0000\000\040\000R\000e\000l\000e\000a\000s\000e\000\040\000N\000o\000t\000e\000s}{chapter.1}% 174
\BOOKMARK [1][-]{section.1.37}{\376\377\000J\000U\000L\000E\000S\000\040\000v\000e\000r\000s\000i\000o\000n\000\040\0001\000.\0000}{chapter.1}% 175
\BOOKMARK [0][-]{chapter.2}{\376\377\000O\000v\000e\000r\000v\000i\000e\000w\000\040\000o\000f\000\040\000J\000U\000L\000E\000S}{}% 176
\BOOKMARK [1][-]{section.2.1}{\376\377\000O\000v\000e\000r\000v\000i\000e\000w}{chapter.2}% 177
\BOOKMARK [1][-]{section.2.2}{\376\377\000S\000o\000m\000e\000\040\000k\000e\000y\000\040\000s\000w\000i\000t\000c\000h\000e\000s}{chapter.2}% 178
\BOOKMARK [0][-]{chapter.3}{\376\377\000B\000u\000i\000l\000d\000i\000n\000g\000\040\000a\000n\000d\000\040\000r\000u\000n\000n\000i\000n\000g\000\040\000J\000U\000L\000E\000S}{}% 179
\BOOKMARK [1][-]{section.3.1}{\376\377\000C\000o\000n\000s\000i\000d\000e\000r\000a\000t\000i\000o\000n\000s}{chapter.3}% 180
\BOOKMARK [2][-]{subsection.3.1.1}{\376\377\000D\000o\000\040\000I\000\040\000n\000e\000e\000d\000\040\000N\000e\000t\000C\000D\000F\000?}{section.3.1}% 181
\BOOKMARK [2][-]{subsection.3.1.2}{\376\377\000D\000o\000\040\000I\000\040\000n\000e\000e\000d\000\040\000p\000a\000r\000a\000l\000l\000e\000l\000\040\000p\000r\000o\000c\000e\000s\000s\000i\000n\000g\000?}{section.3.1}% 182
\BOOKMARK [1][-]{section.3.2}{\376\377\000R\000e\000q\000u\000i\000r\000e\000d\000\040\000s\000o\000f\000t\000w\000a\000r\000e}{chapter.3}% 183
\BOOKMARK [2][-]{subsection.3.2.1}{\376\377\000B\000u\000i\000l\000d\000i\000n\000g\000\040\000J\000U\000L\000E\000S\000\040\000w\000i\000t\000h\000\040\000N\000e\000t\000C\000D\000F}{section.3.2}% 184
\BOOKMARK [2][-]{subsection.3.2.2}{\376\377\000B\000u\000i\000l\000d\000i\000n\000g\000\040\000a\000n\000d\000\040\000r\000u\000n\000n\000i\000n\000g\000\040\000J\000U\000L\000E\000S\000\040\000w\000i\000t\000h\000\040\000M\000P\000I}{section.3.2}% 185
\BOOKMARK [1][-]{section.3.3}{\376\377\000B\000u\000i\000l\000d\000i\000n\000g\000\040\000J\000U\000L\000E\000S\000\040\000u\000s\000i\000n\000g\000\040\000F\000C\000M}{chapter.3}% 186
\BOOKMARK [2][-]{subsection.3.3.1}{\376\377\000E\000n\000v\000i\000r\000o\000n\000m\000e\000n\000t\000\040\000v\000a\000r\000i\000a\000b\000l\000e\000s\000\040\000u\000s\000e\000d\000\040\000w\000h\000e\000n\000\040\000b\000u\000i\000l\000d\000i\000n\000g\000\040\000J\000U\000L\000E\000S\000\040\000u\000s\000i\000n\000g\000\040\000F\000C\000M\000\040\000m\000a\000k\000e}{section.3.3}% 187
\BOOKMARK [2][-]{subsection.3.3.2}{\376\377\000E\000x\000a\000m\000p\000l\000e\000\040\000F\000C\000M\000\040\000m\000a\000k\000e\000\040\000c\000o\000m\000m\000a\000n\000d\000s}{section.3.3}% 188
\BOOKMARK [2][-]{subsection.3.3.3}{\376\377\000T\000i\000p\000s\000\040\000f\000o\000r\000\040\000e\000f\000f\000e\000c\000t\000i\000v\000e\000\040\000u\000s\000e\000\040\000o\000f\000\040\000F\000C\000M\000\040\000m\000a\000k\000e}{section.3.3}% 189
\BOOKMARK [1][-]{section.3.4}{\376\377\000R\000u\000n\000n\000i\000n\000g\000\040\000J\000U\000L\000E\000S}{chapter.3}% 190
\BOOKMARK [2][-]{subsection.3.4.1}{\376\377\000G\000e\000n\000e\000r\000a\000l\000\040\000e\000x\000a\000m\000p\000l\000e\000\040\000o\000f\000\040\000r\000u\000n\000n\000i\000n\000g\000\040\000J\000U\000L\000E\000S\000\040\000f\000r\000o\000m\000\040\000t\000h\000e\000\040\000c\000o\000m\000m\000a\000n\000d\000\040\000l\000i\000n\000e}{section.3.4}% 191
\BOOKMARK [2][-]{subsection.3.4.2}{\376\377\000R\000u\000n\000n\000i\000n\000g\000\040\000J\000U\000L\000E\000S\000\040\000w\000i\000t\000h\000\040\000O\000p\000e\000n\000M\000P}{section.3.4}% 192
\BOOKMARK [2][-]{subsection.3.4.3}{\376\377\000R\000u\000n\000n\000i\000n\000g\000\040\000J\000U\000L\000E\000S\000\040\000w\000i\000t\000h\000\040\000M\000P\000I}{section.3.4}% 193
\BOOKMARK [1][-]{section.3.5}{\376\377\000A\000u\000t\000o\000m\000a\000t\000i\000c\000\040\000u\000p\000g\000r\000a\000d\000i\000n\000g\000\040\000a\000n\000d\000\040\000G\000U\000I\000\040\000u\000s\000i\000n\000g\000\040\000R\000o\000s\000e}{chapter.3}% 194
\BOOKMARK [2][-]{subsection.3.5.1}{\376\377\000C\000r\000e\000a\000t\000i\000n\000g\000\040\000a\000\040\000R\000o\000s\000e\000\040\000s\000u\000i\000t\000e\000\040\000f\000r\000o\000m\000\040\000e\000x\000i\000s\000t\000i\000n\000g\000\040\000n\000a\000m\000e\000l\000i\000s\000t\000s}{section.3.5}% 195
\BOOKMARK [2][-]{subsection.3.5.2}{\376\377\000U\000s\000i\000n\000g\000\040\000R\000o\000s\000e\000\040\000t\000o\000\040\000u\000p\000g\000r\000a\000d\000e\000\040\000e\000x\000i\000s\000t\000i\000n\000g\000\040\000n\000a\000m\000e\000l\000i\000s\000t\000s}{section.3.5}% 196
\BOOKMARK [2][-]{subsection.3.5.3}{\376\377\000U\000p\000g\000r\000a\000d\000i\000n\000g\000\040\000a\000n\000\040\000e\000x\000i\000s\000t\000i\000n\000g\000\040\000J\000U\000L\000E\000S\000\040\000R\000o\000s\000e\000\040\000s\000u\000i\000t\000e}{section.3.5}% 197
\BOOKMARK [2][-]{subsection.3.5.4}{\376\377\000C\000o\000n\000f\000i\000g\000u\000r\000i\000n\000g\000\040\000J\000U\000L\000E\000S\000\040\000w\000i\000t\000h\000\040\000a\000\040\000g\000r\000a\000p\000h\000i\000c\000a\000l\000\040\000i\000n\000t\000e\000r\000f\000a\000c\000e}{section.3.5}% 198
\BOOKMARK [2][-]{subsection.3.5.5}{\376\377\000R\000u\000n\000n\000i\000n\000g\000\040\000a\000\040\000J\000U\000L\000E\000S\000\040\000R\000o\000s\000e\000\040\000s\000u\000i\000t\000e}{section.3.5}% 199
\BOOKMARK [3][-]{subsubsection*.3}{\376\377\000W\000i\000t\000h\000o\000u\000t\000\040\000C\000y\000l\000c}{subsection.3.5.5}% 200
\BOOKMARK [3][-]{subsubsection*.4}{\376\377\000W\000i\000t\000h\000\040\000C\000y\000l\000c}{subsection.3.5.5}% 201
\BOOKMARK [0][-]{chapter.4}{\376\377\000I\000n\000p\000u\000t\000\040\000f\000i\000l\000e\000s\000\040\000f\000o\000r\000\040\000J\000U\000L\000E\000S}{}% 202
\BOOKMARK [1][-]{section.4.1}{\376\377\000G\000e\000n\000e\000r\000a\000l\000\040\000p\000r\000i\000n\000c\000i\000p\000l\000e\000s}{chapter.4}% 203
\BOOKMARK [1][-]{section.4.2}{\376\377\000A\000S\000C\000I\000I\000\040\000f\000i\000l\000e\000s}{chapter.4}% 204
\BOOKMARK [2][-]{subsection.4.2.1}{\376\377\000E\000x\000a\000m\000p\000l\000e\000\040\000A\000S\000C\000I\000I\000\040\000i\000n\000p\000u\000t}{section.4.2}% 205
\BOOKMARK [3][-]{subsubsection*.5}{\376\377\000A\000S\000C\000I\000I\000\040\000m\000e\000t\000e\000o\000r\000o\000l\000o\000g\000i\000c\000a\000l\000\040\000f\000o\000r\000c\000i\000n\000g\000\040\000d\000a\000t\000a}{subsection.4.2.1}% 206
\BOOKMARK [3][-]{subsubsection*.6}{\376\377\000I\000n\000i\000t\000i\000a\000l\000\040\000c\000o\000n\000d\000i\000t\000i\000o\000n\000s}{subsection.4.2.1}% 207
\BOOKMARK [3][-]{subsubsection*.7}{\376\377\000T\000i\000m\000e\000\040\000v\000a\000r\000y\000i\000n\000g\000\040\000d\000a\000t\000a\000\040\000w\000i\000t\000h\000\040\000a\000n\000\040\000a\000d\000d\000i\000t\000i\000o\000n\000a\000l\000\040\000d\000i\000m\000e\000n\000s\000i\000o\000n}{subsection.4.2.1}% 208
\BOOKMARK [1][-]{section.4.3}{\376\377\000N\000e\000t\000C\000D\000F\000\040\000f\000i\000l\000e\000s}{chapter.4}% 209
\BOOKMARK [1][-]{section.4.4}{\376\377\000F\000i\000l\000e\000\040\000n\000a\000m\000e\000\040\000t\000e\000m\000p\000l\000a\000t\000i\000n\000g}{chapter.4}% 210
\BOOKMARK [2][-]{subsection.4.4.1}{\376\377\000T\000i\000m\000e\000\040\000t\000e\000m\000p\000l\000a\000t\000i\000n\000g}{section.4.4}% 211
\BOOKMARK [2][-]{subsection.4.4.2}{\376\377\000V\000a\000r\000i\000a\000b\000l\000e\000\040\000n\000a\000m\000e\000\040\000t\000e\000m\000p\000l\000a\000t\000i\000n\000g}{section.4.4}% 212
\BOOKMARK [2][-]{subsection.4.4.3}{\376\377\000E\000x\000a\000m\000p\000l\000e\000s\000\040\000o\000f\000\040\000f\000i\000l\000e\000\040\000n\000a\000m\000e\000\040\000t\000e\000m\000p\000l\000a\000t\000i\000n\000g}{section.4.4}% 213
\BOOKMARK [3][-]{subsubsection*.8}{\376\377\000T\000i\000m\000e\000\040\000t\000e\000m\000p\000l\000a\000t\000i\000n\000g\000\040\000o\000n\000l\000y}{subsection.4.4.3}% 214
\BOOKMARK [3][-]{subsubsection*.9}{\376\377\000V\000a\000r\000i\000a\000b\000l\000e\000\040\000n\000a\000m\000e\000\040\000t\000e\000m\000p\000l\000a\000t\000i\000n\000g\000\040\000o\000n\000l\000y}{subsection.4.4.3}% 215
\BOOKMARK [3][-]{subsubsection*.10}{\376\377\000T\000i\000m\000e\000\040\000a\000n\000d\000\040\000v\000a\000r\000i\000a\000b\000l\000e\000\040\000n\000a\000m\000e\000\040\000t\000e\000m\000p\000l\000a\000t\000i\000n\000g\000\040\000t\000o\000g\000e\000t\000h\000e\000r}{subsection.4.4.3}% 216
\BOOKMARK [3][-]{subsubsection*.11}{\376\377\000V\000a\000r\000i\000a\000b\000l\000e\000\040\000n\000a\000m\000e\000\040\000t\000e\000m\000p\000l\000a\000t\000i\000n\000g\000\040\000w\000i\000t\000h\000\040\000a\000\040\000l\000i\000s\000t\000\040\000o\000f\000\040\000f\000i\000l\000e\000s}{subsection.4.4.3}% 217
\BOOKMARK [1][-]{section.4.5}{\376\377\000T\000e\000m\000p\000o\000r\000a\000l\000\040\000i\000n\000t\000e\000r\000p\000o\000l\000a\000t\000i\000o\000n}{chapter.4}% 218
\BOOKMARK [2][-]{subsection.4.5.1}{\376\377\000I\000n\000t\000e\000r\000p\000o\000l\000a\000t\000i\000o\000n\000\040\000f\000l\000a\000g\000s}{section.4.5}% 219
\BOOKMARK [0][-]{chapter.5}{\376\377\000J\000U\000L\000E\000S\000\040\000o\000u\000t\000p\000u\000t}{}% 220
\BOOKMARK [1][-]{section.5.1}{\376\377\000A\000s\000s\000o\000c\000i\000a\000t\000i\000n\000g\000\040\000o\000u\000t\000p\000u\000t\000\040\000v\000a\000l\000u\000e\000s\000\040\000w\000i\000t\000h\000\040\000t\000h\000e\000\040\000c\000o\000r\000r\000e\000c\000t\000\040\000t\000i\000m\000e}{chapter.5}% 221
\BOOKMARK [1][-]{section.5.2}{\376\377\000I\000n\000i\000t\000i\000a\000l\000\040\000d\000a\000t\000a}{chapter.5}% 222
\BOOKMARK [1][-]{section.5.3}{\376\377\000D\000u\000m\000p\000\040\000f\000i\000l\000e\000s}{chapter.5}% 223
\BOOKMARK [0][-]{chapter.6}{\376\377\000T\000h\000e\000\040\000J\000U\000L\000E\000S\000\040\000n\000a\000m\000e\000l\000i\000s\000t\000\040\000f\000i\000l\000e\000s}{}% 224
\BOOKMARK [1][-]{section.6.1}{\376\377\000I\000n\000t\000r\000o\000d\000u\000c\000t\000i\000o\000n\000\040\000t\000o\000\040\000F\000o\000r\000t\000r\000a\000n\000\040\000n\000a\000m\000e\000l\000i\000s\000t\000s}{chapter.6}% 225
\BOOKMARK [1][-]{section.6.2}{\376\377\000j\000u\000l\000e\000s\000\137\000p\000r\000n\000t\000\137\000c\000o\000n\000t\000r\000o\000l\000.\000n\000m\000l}{chapter.6}% 226
\BOOKMARK [2][-]{subsection.6.2.1}{\376\377\000J\000U\000L\000E\000S\000\137\000P\000R\000N\000T\000\137\000C\000O\000N\000T\000R\000O\000L\000\040\000n\000a\000m\000e\000l\000i\000s\000t\000\040\000m\000e\000m\000b\000e\000r\000s}{section.6.2}% 227
\BOOKMARK [1][-]{section.6.3}{\376\377\000j\000u\000l\000e\000s\000\137\000s\000u\000r\000f\000a\000c\000e\000\137\000t\000y\000p\000e\000s\000.\000n\000m\000l}{chapter.6}% 228
\BOOKMARK [2][-]{subsection.6.3.1}{\376\377\000J\000U\000L\000E\000S\000\137\000S\000U\000R\000F\000A\000C\000E\000\137\000T\000Y\000P\000E\000S\000\040\000n\000a\000m\000e\000l\000i\000s\000t\000\040\000m\000e\000m\000b\000e\000r\000s}{section.6.3}% 229
\BOOKMARK [1][-]{section.6.4}{\376\377\000c\000a\000b\000l\000e\000\137\000s\000u\000r\000f\000a\000c\000e\000\137\000t\000y\000p\000e\000s\000.\000n\000m\000l}{chapter.6}% 230
\BOOKMARK [2][-]{subsection.6.4.1}{\376\377\000C\000A\000B\000L\000E\000\137\000S\000U\000R\000F\000A\000C\000E\000\137\000T\000Y\000P\000E\000S\000\040\000n\000a\000m\000e\000l\000i\000s\000t\000\040\000m\000e\000m\000b\000e\000r\000s}{section.6.4}% 231
\BOOKMARK [1][-]{section.6.5}{\376\377\000m\000o\000d\000e\000l\000\137\000e\000n\000v\000i\000r\000o\000n\000m\000e\000n\000t\000.\000n\000m\000l}{chapter.6}% 232
\BOOKMARK [2][-]{subsection.6.5.1}{\376\377\000J\000U\000L\000E\000S\000\137\000M\000O\000D\000E\000L\000\137\000E\000N\000V\000I\000R\000O\000N\000M\000E\000N\000T\000\040\000n\000a\000m\000e\000l\000i\000s\000t\000\040\000m\000e\000m\000b\000e\000r\000s}{section.6.5}% 233
\BOOKMARK [1][-]{section.6.6}{\376\377\000j\000u\000l\000e\000s\000\137\000s\000u\000r\000f\000a\000c\000e\000.\000n\000m\000l}{chapter.6}% 234
\BOOKMARK [2][-]{subsection.6.6.1}{\376\377\000J\000U\000L\000E\000S\000\137\000S\000U\000R\000F\000A\000C\000E\000\040\000n\000a\000m\000e\000l\000i\000s\000t\000\040\000m\000e\000m\000b\000e\000r\000s}{section.6.6}% 235
\BOOKMARK [1][-]{section.6.7}{\376\377\000j\000u\000l\000e\000s\000\137\000r\000a\000d\000i\000a\000t\000i\000o\000n\000.\000n\000m\000l}{chapter.6}% 236
\BOOKMARK [2][-]{subsection.6.7.1}{\376\377\000J\000U\000L\000E\000S\000\137\000R\000A\000D\000I\000A\000T\000I\000O\000N\000\040\000n\000a\000m\000e\000l\000i\000s\000t\000\040\000m\000e\000m\000b\000e\000r\000s}{section.6.7}% 237
\BOOKMARK [1][-]{section.6.8}{\376\377\000j\000u\000l\000e\000s\000\137\000h\000y\000d\000r\000o\000l\000o\000g\000y\000.\000n\000m\000l}{chapter.6}% 238
\BOOKMARK [2][-]{subsection.6.8.1}{\376\377\000J\000U\000L\000E\000S\000\137\000H\000Y\000D\000R\000O\000L\000O\000G\000Y\000\040\000n\000a\000m\000e\000l\000i\000s\000t\000\040\000m\000e\000m\000b\000e\000r\000s}{section.6.8}% 239
\BOOKMARK [1][-]{section.6.9}{\376\377\000j\000u\000l\000e\000s\000\137\000s\000o\000i\000l\000.\000n\000m\000l}{chapter.6}% 240
\BOOKMARK [2][-]{subsection.6.9.1}{\376\377\000J\000U\000L\000E\000S\000\137\000S\000O\000I\000L\000\040\000n\000a\000m\000e\000l\000i\000s\000t\000\040\000m\000e\000m\000b\000e\000r\000s}{section.6.9}% 241
\BOOKMARK [1][-]{section.6.10}{\376\377\000j\000u\000l\000e\000s\000\137\000v\000e\000g\000e\000t\000a\000t\000i\000o\000n\000.\000n\000m\000l}{chapter.6}% 242
\BOOKMARK [2][-]{subsection.6.10.1}{\376\377\000J\000U\000L\000E\000S\000\137\000V\000E\000G\000E\000T\000A\000T\000I\000O\000N\000\040\000n\000a\000m\000e\000l\000i\000s\000t\000\040\000m\000e\000m\000b\000e\000r\000s}{section.6.10}% 243
\BOOKMARK [2][-]{subsection.6.10.2}{\376\377\000J\000U\000L\000E\000S\000\137\000V\000E\000G\000E\000T\000A\000T\000I\000O\000N\000\040\000r\000e\000f\000e\000r\000e\000n\000c\000e\000s}{section.6.10}% 244
\BOOKMARK [1][-]{section.6.11}{\376\377\000j\000u\000l\000e\000s\000\137\000s\000o\000i\000l\000\137\000b\000i\000o\000g\000e\000o\000c\000h\000e\000m\000.\000n\000m\000l}{chapter.6}% 245
\BOOKMARK [2][-]{subsection.6.11.1}{\376\377\000J\000U\000L\000E\000S\000\137\000S\000O\000I\000L\000\137\000B\000I\000O\000G\000E\000O\000C\000H\000E\000M\000\040\000n\000a\000m\000e\000l\000i\000s\000t\000\040\000m\000e\000m\000b\000e\000r\000s}{section.6.11}% 246
\BOOKMARK [1][-]{section.6.12}{\376\377\000j\000u\000l\000e\000s\000\137\000s\000o\000i\000l\000\137\000e\000c\000o\000s\000s\000e\000.\000n\000m\000l}{chapter.6}% 247
\BOOKMARK [2][-]{subsection.6.12.1}{\376\377\000J\000U\000L\000E\000S\000\137\000S\000O\000I\000L\000\137\000E\000C\000O\000S\000S\000E\000\040\000n\000a\000m\000e\000l\000i\000s\000t\000\040\000m\000e\000m\000b\000e\000r\000s}{section.6.12}% 248
\BOOKMARK [1][-]{section.6.13}{\376\377\000j\000u\000l\000e\000s\000\137\000d\000e\000p\000o\000s\000i\000t\000i\000o\000n\000.\000n\000m\000l}{chapter.6}% 249
\BOOKMARK [2][-]{subsection.6.13.1}{\376\377\000J\000U\000L\000E\000S\000\137\000D\000E\000P\000O\000S\000I\000T\000I\000O\000N\000\040\000n\000a\000m\000e\000l\000i\000s\000t\000\040\000m\000e\000m\000b\000e\000r\000s}{section.6.13}% 250
\BOOKMARK [2][-]{subsection.6.13.2}{\376\377\000N\000o\000t\000e\000s\000\040\000o\000n\000\040\000t\000h\000e\000\040\000J\000U\000L\000E\000S\000\137\000D\000E\000P\000O\000S\000I\000T\000I\000O\000N\000\040\000n\000a\000m\000e\000l\000i\000s\000t}{section.6.13}% 251
\BOOKMARK [2][-]{subsection.6.13.3}{\376\377\000J\000U\000L\000E\000S\000\137\000D\000E\000P\000O\000S\000I\000T\000I\000O\000N\000\137\000S\000P\000E\000C\000I\000E\000S\000\040\000n\000a\000m\000e\000l\000i\000s\000t\000\040\000m\000e\000m\000b\000e\000r\000s}{section.6.13}% 252
\BOOKMARK [1][-]{section.6.14}{\376\377\000j\000u\000l\000e\000s\000\137\000s\000n\000o\000w\000.\000n\000m\000l}{chapter.6}% 253
\BOOKMARK [2][-]{subsection.6.14.1}{\376\377\000J\000U\000L\000E\000S\000\137\000S\000N\000O\000W\000\040\000n\000a\000m\000e\000l\000i\000s\000t\000\040\000m\000e\000m\000b\000e\000r\000s}{section.6.14}% 254
\BOOKMARK [2][-]{subsection.6.14.2}{\376\377\000E\000x\000a\000m\000p\000l\000e\000\040\000o\000f\000\040\000t\000h\000e\000\040\000e\000v\000o\000l\000u\000t\000i\000o\000n\000\040\000o\000f\000\040\000s\000n\000o\000w\000\040\000l\000a\000y\000e\000r\000\040\000t\000h\000i\000c\000k\000n\000e\000s\000s}{section.6.14}% 255
\BOOKMARK [2][-]{subsection.6.14.3}{\376\377\000J\000U\000L\000E\000S\000\137\000S\000N\000O\000W\000\040\000r\000e\000f\000e\000r\000e\000n\000c\000e\000s}{section.6.14}% 256
\BOOKMARK [1][-]{section.6.15}{\376\377\000j\000u\000l\000e\000s\000\137\000r\000i\000v\000e\000r\000s\000.\000n\000m\000l}{chapter.6}% 257
\BOOKMARK [2][-]{subsection.6.15.1}{\376\377\000J\000U\000L\000E\000S\000\137\000R\000I\000V\000E\000R\000S\000\040\000n\000a\000m\000e\000l\000i\000s\000t\000\040\000m\000e\000m\000b\000e\000r\000s}{section.6.15}% 258
\BOOKMARK [2][-]{subsection.6.15.2}{\376\377\000J\000U\000L\000E\000S\000\137\000O\000V\000E\000R\000B\000A\000N\000K\000\040\000n\000a\000m\000e\000l\000i\000s\000t\000\040\000m\000e\000m\000b\000e\000r\000s}{section.6.15}% 259
\BOOKMARK [1][-]{section.6.16}{\376\377\000j\000u\000l\000e\000s\000\137\000w\000a\000t\000e\000r\000\137\000r\000e\000s\000o\000u\000r\000c\000e\000s\000.\000n\000m\000l}{chapter.6}% 260
\BOOKMARK [2][-]{subsection.6.16.1}{\376\377\000J\000U\000L\000E\000S\000\137\000W\000A\000T\000E\000R\000\137\000R\000E\000S\000O\000U\000R\000C\000E\000S\000\040\000n\000a\000m\000e\000l\000i\000s\000t\000\040\000m\000e\000m\000b\000e\000r\000s}{section.6.16}% 261
\BOOKMARK [1][-]{section.6.17}{\376\377\000j\000u\000l\000e\000s\000\137\000i\000r\000r\000i\000g\000.\000n\000m\000l}{chapter.6}% 262
\BOOKMARK [2][-]{subsection.6.17.1}{\376\377\000J\000U\000L\000E\000S\000\137\000I\000R\000R\000I\000G\000\040\000n\000a\000m\000e\000l\000i\000s\000t\000\040\000m\000e\000m\000b\000e\000r\000s}{section.6.17}% 263
\BOOKMARK [2][-]{subsection.6.17.2}{\376\377\000J\000U\000L\000E\000S\000\137\000I\000R\000R\000I\000G\000\040\000r\000e\000f\000e\000r\000e\000n\000c\000e\000s}{section.6.17}% 264
\BOOKMARK [1][-]{section.6.18}{\376\377\000s\000c\000i\000e\000n\000c\000e\000\137\000f\000i\000x\000e\000s\000.\000n\000m\000l}{chapter.6}% 265
\BOOKMARK [2][-]{subsection.6.18.1}{\376\377\000J\000U\000L\000E\000S\000\137\000T\000E\000M\000P\000\137\000F\000I\000X\000E\000S\000\040\000n\000a\000m\000e\000l\000i\000s\000t\000\040\000m\000e\000m\000b\000e\000r\000s}{section.6.18}% 266
\BOOKMARK [1][-]{section.6.19}{\376\377\000t\000i\000m\000e\000s\000t\000e\000p\000s\000.\000n\000m\000l}{chapter.6}% 267
\BOOKMARK [2][-]{subsection.6.19.1}{\376\377\000J\000U\000L\000E\000S\000\137\000T\000I\000M\000E\000\040\000n\000a\000m\000e\000l\000i\000s\000t\000\040\000m\000e\000m\000b\000e\000r\000s}{section.6.19}% 268
\BOOKMARK [2][-]{subsection.6.19.2}{\376\377\000J\000U\000L\000E\000S\000\137\000S\000P\000I\000N\000U\000P\000\040\000n\000a\000m\000e\000l\000i\000s\000t\000\040\000m\000e\000m\000b\000e\000r\000s}{section.6.19}% 269
\BOOKMARK [2][-]{subsection.6.19.3}{\376\377\000N\000o\000t\000e\000\040\000o\000n\000\040\000t\000i\000m\000e\000\040\000c\000o\000n\000v\000e\000n\000t\000i\000o\000n\000s}{section.6.19}% 270
\BOOKMARK [2][-]{subsection.6.19.4}{\376\377\000N\000o\000t\000e\000\040\000o\000n\000\040\000s\000o\000l\000a\000r\000\040\000z\000e\000n\000i\000t\000h\000\040\000a\000n\000g\000l\000e}{section.6.19}% 271
\BOOKMARK [2][-]{subsection.6.19.5}{\376\377\000E\000x\000a\000m\000p\000l\000e\000s}{section.6.19}% 272
\BOOKMARK [3][-]{subsubsection*.385}{\376\377\000A\000\040\000r\000u\000n\000\040\000w\000i\000t\000h\000o\000u\000t\000\040\000s\000p\000i\000n\000-\000u\000p}{subsection.6.19.5}% 273
\BOOKMARK [3][-]{subsubsection*.386}{\376\377\000A\000\040\000r\000u\000n\000\040\000w\000i\000t\000h\000\040\000s\000p\000i\000n\000-\000u\000p\000\040\000o\000v\000e\000r\000\040\000a\000\040\000p\000e\000r\000i\000o\000d\000\040\000t\000h\000a\000t\000\040\000i\000m\000m\000e\000d\000i\000a\000t\000e\000l\000y\000\040\000p\000r\000e\000c\000e\000d\000e\000s\000\040\000t\000h\000e\000\040\000m\000a\000i\000n\000\040\000r\000u\000n}{subsection.6.19.5}% 274
\BOOKMARK [3][-]{subsubsection*.387}{\376\377\000A\000\040\000r\000u\000n\000\040\000w\000i\000t\000h\000\040\000s\000p\000i\000n\000-\000u\000p\000\040\000o\000v\000e\000r\000\040\000a\000\040\000p\000e\000r\000i\000o\000d\000\040\000t\000h\000a\000t\000\040\000o\000v\000e\000r\000l\000a\000p\000s\000\040\000t\000h\000e\000\040\000m\000a\000i\000n\000\040\000r\000u\000n}{subsection.6.19.5}% 275
\BOOKMARK [3][-]{subsubsection*.388}{\376\377\000E\000x\000a\000m\000p\000l\000e\000\040\000o\000f\000\040\000s\000p\000e\000c\000i\000f\000y\000i\000n\000g\000\040\000r\000e\000q\000u\000i\000r\000e\000m\000e\000n\000t\000s\000\040\000f\000o\000r\000\040\000s\000p\000i\000n\000-\000u\000p}{subsection.6.19.5}% 276
\BOOKMARK [2][-]{subsection.6.19.6}{\376\377\000N\000o\000t\000e\000s\000\040\000o\000n\000\040\000s\000p\000i\000n\000-\000u\000p}{section.6.19}% 277
\BOOKMARK [1][-]{section.6.20}{\376\377\000m\000o\000d\000e\000l\000\137\000g\000r\000i\000d\000.\000n\000m\000l}{chapter.6}% 278
\BOOKMARK [2][-]{subsection.6.20.1}{\376\377\000J\000U\000L\000E\000S\000\137\000I\000N\000P\000U\000T\000\137\000G\000R\000I\000D\000\040\000n\000a\000m\000e\000l\000i\000s\000t\000\040\000m\000e\000m\000b\000e\000r\000s}{section.6.20}% 279
\BOOKMARK [2][-]{subsection.6.20.2}{\376\377\000J\000U\000L\000E\000S\000\137\000L\000A\000T\000L\000O\000N\000\040\000n\000a\000m\000e\000l\000i\000s\000t\000\040\000m\000e\000m\000b\000e\000r\000s}{section.6.20}% 280
\BOOKMARK [3][-]{subsubsection*.418}{\376\377\000L\000i\000s\000t\000\040\000o\000f\000\040\000g\000r\000i\000d\000\040\000l\000o\000c\000a\000t\000i\000o\000n\000\040\000p\000r\000o\000p\000e\000r\000t\000i\000e\000s}{subsection.6.20.2}% 281
\BOOKMARK [2][-]{subsection.6.20.3}{\376\377\000J\000U\000L\000E\000S\000\137\000L\000A\000N\000D\000\137\000F\000R\000A\000C\000\040\000n\000a\000m\000e\000l\000i\000s\000t\000\040\000m\000e\000m\000b\000e\000r\000s}{section.6.20}% 282
\BOOKMARK [2][-]{subsection.6.20.4}{\376\377\000J\000U\000L\000E\000S\000\137\000M\000O\000D\000E\000L\000\137\000G\000R\000I\000D\000\040\000n\000a\000m\000e\000l\000i\000s\000t\000\040\000m\000e\000m\000b\000e\000r\000s}{section.6.20}% 283
\BOOKMARK [2][-]{subsection.6.20.5}{\376\377\000J\000U\000L\000E\000S\000\137\000N\000L\000S\000I\000Z\000E\000S\000\040\000n\000a\000m\000e\000l\000i\000s\000t\000\040\000m\000e\000m\000b\000e\000r\000s}{section.6.20}% 284
\BOOKMARK [2][-]{subsection.6.20.6}{\376\377\000J\000U\000L\000E\000S\000\137\000S\000U\000R\000F\000\137\000H\000G\000T\000\040\000n\000a\000m\000e\000l\000i\000s\000t\000\040\000m\000e\000m\000b\000e\000r\000s}{section.6.20}% 285
\BOOKMARK [2][-]{subsection.6.20.7}{\376\377\000J\000U\000L\000E\000S\000\137\000Z\000\137\000L\000A\000N\000D\000\040\000n\000a\000m\000e\000l\000i\000s\000t\000\040\000m\000e\000m\000b\000e\000r\000s}{section.6.20}% 286
\BOOKMARK [3][-]{subsubsection*.442}{\376\377\000E\000x\000a\000m\000p\000l\000e}{subsection.6.20.7}% 287
\BOOKMARK [2][-]{subsection.6.20.8}{\376\377\000E\000x\000a\000m\000p\000l\000e\000s\000\040\000o\000f\000\040\000g\000r\000i\000d\000\040\000s\000e\000t\000u\000p\000s}{section.6.20}% 288
\BOOKMARK [3][-]{subsubsection*.443}{\376\377\000A\000\040\000s\000i\000n\000g\000l\000e\000\040\000l\000o\000c\000a\000t\000i\000o\000n}{subsection.6.20.8}% 289
\BOOKMARK [3][-]{subsubsection*.444}{\376\377\000E\000x\000a\000m\000p\000l\000e\000s\000\040\000o\000f\000\040\000g\000r\000i\000d\000d\000e\000d\000\040\000r\000u\000n\000s}{subsection.6.20.8}% 290
\BOOKMARK [4][-]{paragraph*.445}{\376\377\000S\000p\000e\000c\000i\000f\000y\000i\000n\000g\000\040\000a\000\040\0001\000D\000\040\000i\000n\000p\000u\000t\000\040\000g\000r\000i\000d}{subsubsection*.444}% 291
\BOOKMARK [4][-]{paragraph*.446}{\376\377\000S\000p\000e\000c\000i\000f\000y\000i\000n\000g\000\040\000a\000\040\0002\000D\000\040\000i\000n\000p\000u\000t\000\040\000g\000r\000i\000d}{subsubsection*.444}% 292
\BOOKMARK [4][-]{paragraph*.447}{\376\377\000S\000p\000e\000c\000i\000f\000y\000i\000n\000g\000\040\000a\000\040\000s\000u\000b\000g\000r\000i\000d\000\040\000u\000s\000i\000n\000g\000\040\000a\000\040\000g\000i\000v\000e\000n\000\040\000r\000a\000n\000g\000e\000\040\000o\000f\000\040\000l\000a\000t\000i\000t\000u\000d\000e\000\040\000a\000n\000d\000\040\000l\000o\000n\000g\000i\000t\000u\000d\000e}{subsubsection*.444}% 293
\BOOKMARK [4][-]{paragraph*.448}{\376\377\000S\000p\000e\000c\000i\000f\000y\000i\000n\000g\000\040\000a\000\040\000s\000u\000b\000g\000r\000i\000d\000\040\000u\000s\000i\000n\000g\000\040\000a\000\040\000g\000i\000v\000e\000n\000\040\000r\000a\000n\000g\000e\000\040\000o\000f\000\040\000p\000r\000o\000j\000e\000c\000t\000i\000o\000n\000\040\000c\000o\000o\000r\000d\000i\000n\000a\000t\000e\000s\000\040\000\050\000n\000o\000t\000\040\000l\000a\000t\000i\000t\000u\000d\000e\000\040\000a\000n\000d\000\040\000l\000o\000n\000g\000i\000t\000u\000d\000e\000\051}{subsubsection*.444}% 294
\BOOKMARK [4][-]{paragraph*.449}{\376\377\000S\000p\000e\000c\000i\000f\000y\000i\000n\000g\000\040\000a\000\040\000s\000u\000b\000g\000r\000i\000d\000\040\000u\000s\000i\000n\000g\000\040\000a\000\040\000l\000i\000s\000t\000\040\000o\000f\000\040\000p\000o\000i\000n\000t\000s}{subsubsection*.444}% 295
\BOOKMARK [4][-]{paragraph*.450}{\376\377\000T\000h\000e\000\040\000o\000n\000l\000y\000\040\000c\000o\000n\000f\000i\000g\000u\000r\000a\000t\000i\000o\000n\000\040\000t\000h\000a\000t\000\040\000y\000i\000e\000l\000d\000s\000\040\000a\000\040\0002\000D\000\040\000m\000o\000d\000e\000l\000\040\000g\000r\000i\000d}{subsubsection*.444}% 296
\BOOKMARK [1][-]{section.6.21}{\376\377\000a\000n\000c\000i\000l\000l\000a\000r\000i\000e\000s\000.\000n\000m\000l}{chapter.6}% 297
\BOOKMARK [2][-]{subsection.6.21.1}{\376\377\000J\000U\000L\000E\000S\000\137\000F\000R\000A\000C\000\040\000n\000a\000m\000e\000l\000i\000s\000t\000\040\000m\000e\000m\000b\000e\000r\000s}{section.6.21}% 298
\BOOKMARK [2][-]{subsection.6.21.2}{\376\377\000J\000U\000L\000E\000S\000\137\000V\000E\000G\000E\000T\000A\000T\000I\000O\000N\000\137\000P\000R\000O\000P\000S\000\040\000n\000a\000m\000e\000l\000i\000s\000t\000\040\000m\000e\000m\000b\000e\000r\000s}{section.6.21}% 299
\BOOKMARK [3][-]{subsubsection*.462}{\376\377\000L\000i\000s\000t\000\040\000o\000f\000\040\000v\000e\000g\000e\000t\000a\000t\000i\000o\000n\000\040\000p\000a\000r\000a\000m\000e\000t\000e\000r\000s}{subsection.6.21.2}% 300
\BOOKMARK [2][-]{subsection.6.21.3}{\376\377\000J\000U\000L\000E\000S\000\137\000S\000O\000I\000L\000\137\000P\000R\000O\000P\000S\000\040\000n\000a\000m\000e\000l\000i\000s\000t\000\040\000m\000e\000m\000b\000e\000r\000s}{section.6.21}% 301
\BOOKMARK [3][-]{subsubsection*.472}{\376\377\000L\000i\000s\000t\000\040\000o\000f\000\040\000s\000o\000i\000l\000\040\000p\000a\000r\000a\000m\000e\000t\000e\000r\000s}{subsection.6.21.3}% 302
\BOOKMARK [2][-]{subsection.6.21.4}{\376\377\000J\000U\000L\000E\000S\000\137\000T\000O\000P\000\040\000n\000a\000m\000e\000l\000i\000s\000t\000\040\000m\000e\000m\000b\000e\000r\000s}{section.6.21}% 303
\BOOKMARK [3][-]{subsubsection*.481}{\376\377\000L\000i\000s\000t\000\040\000o\000f\000\040\000T\000O\000P\000M\000O\000D\000E\000L\000\040\000p\000a\000r\000a\000m\000e\000t\000e\000r\000s}{subsection.6.21.4}% 304
\BOOKMARK [2][-]{subsection.6.21.5}{\376\377\000J\000U\000L\000E\000S\000\137\000P\000D\000M\000\040\000n\000a\000m\000e\000l\000i\000s\000t\000\040\000m\000e\000m\000b\000e\000r\000s}{section.6.21}% 305
\BOOKMARK [3][-]{subsubsection*.489}{\376\377\000L\000i\000s\000t\000\040\000o\000f\000\040\000P\000D\000M\000\040\000p\000a\000r\000a\000m\000e\000t\000e\000r\000s}{subsection.6.21.5}% 306
\BOOKMARK [2][-]{subsection.6.21.6}{\376\377\000J\000U\000L\000E\000S\000\137\000A\000G\000R\000I\000C\000\040\000n\000a\000m\000e\000l\000i\000s\000t\000\040\000m\000e\000m\000b\000e\000r\000s}{section.6.21}% 307
\BOOKMARK [2][-]{subsection.6.21.7}{\376\377\000J\000U\000L\000E\000S\000\137\000C\000R\000O\000P\000\137\000P\000R\000O\000P\000S\000\040\000n\000a\000m\000e\000l\000i\000s\000t\000\040\000m\000e\000m\000b\000e\000r\000s}{section.6.21}% 308
\BOOKMARK [3][-]{subsubsection*.514}{\376\377\000L\000i\000s\000t\000\040\000o\000f\000\040\000s\000p\000a\000t\000i\000a\000l\000l\000y\000-\000v\000a\000r\000y\000i\000n\000g\000\040\000c\000r\000o\000p\000\040\000p\000r\000o\000p\000e\000r\000t\000i\000e\000s}{subsection.6.21.7}% 309
\BOOKMARK [2][-]{subsection.6.21.8}{\376\377\000J\000U\000L\000E\000S\000\137\000I\000R\000R\000I\000G\000\137\000P\000R\000O\000P\000S\000\040\000n\000a\000m\000e\000l\000i\000s\000t\000\040\000m\000e\000m\000b\000e\000r\000s}{section.6.21}% 310
\BOOKMARK [2][-]{subsection.6.21.9}{\376\377\000J\000U\000L\000E\000S\000\137\000R\000I\000V\000E\000R\000S\000\137\000P\000R\000O\000P\000S\000\040\000n\000a\000m\000e\000l\000i\000s\000t\000\040\000m\000e\000m\000b\000e\000r\000s}{section.6.21}% 311
\BOOKMARK [3][-]{subsubsection*.542}{\376\377\000E\000x\000a\000m\000p\000l\000e}{subsection.6.21.9}% 312
\BOOKMARK [3][-]{subsubsection*.543}{\376\377\000L\000i\000s\000t\000\040\000o\000f\000\040\000r\000i\000v\000e\000r\000s\000\040\000p\000r\000o\000p\000e\000r\000t\000i\000e\000s}{subsection.6.21.9}% 313
\BOOKMARK [2][-]{subsection.6.21.10}{\376\377\000J\000U\000L\000E\000S\000\137\000O\000V\000E\000R\000B\000A\000N\000K\000\137\000P\000R\000O\000P\000S\000\040\000n\000a\000m\000e\000l\000i\000s\000t\000\040\000m\000e\000m\000b\000e\000r\000s}{section.6.21}% 314
\BOOKMARK [3][-]{subsubsection*.551}{\376\377\000L\000i\000s\000t\000\040\000o\000f\000\040\000o\000v\000e\000r\000b\000a\000n\000k\000\040\000i\000n\000u\000n\000d\000a\000t\000i\000o\000n\000\040\000p\000r\000o\000p\000e\000r\000t\000i\000e\000s}{subsection.6.21.10}% 315
\BOOKMARK [2][-]{subsection.6.21.11}{\376\377\000J\000U\000L\000E\000S\000\137\000W\000A\000T\000E\000R\000\137\000R\000E\000S\000O\000U\000R\000C\000E\000S\000\137\000P\000R\000O\000P\000S\000\040\000n\000a\000m\000e\000l\000i\000s\000t\000\040\000m\000e\000m\000b\000e\000r\000s}{section.6.21}% 316
\BOOKMARK [3][-]{subsubsection*.560}{\376\377\000L\000i\000s\000t\000\040\000o\000f\000\040\000w\000a\000t\000e\000r\000\040\000r\000e\000s\000o\000u\000r\000c\000e\000s\000\040\000p\000r\000o\000p\000e\000r\000t\000i\000e\000s}{subsection.6.21.11}% 317
\BOOKMARK [2][-]{subsection.6.21.12}{\376\377\000U\000R\000B\000A\000N\000\137\000P\000R\000O\000P\000E\000R\000T\000I\000E\000S\000\040\000n\000a\000m\000e\000l\000i\000s\000t\000\040\000m\000e\000m\000b\000e\000r\000s}{section.6.21}% 318
\BOOKMARK [3][-]{subsubsection*.568}{\376\377\000L\000i\000s\000t\000\040\000o\000f\000\040\000u\000r\000b\000a\000n\000\040\000p\000r\000o\000p\000e\000r\000t\000i\000e\000s}{subsection.6.21.12}% 319
\BOOKMARK [2][-]{subsection.6.21.13}{\376\377\000J\000U\000L\000E\000S\000\137\000C\000O\0002\000\040\000n\000a\000m\000e\000l\000i\000s\000t\000\040\000m\000e\000m\000b\000e\000r\000s}{section.6.21}% 320
\BOOKMARK [2][-]{subsection.6.21.14}{\376\377\000J\000U\000L\000E\000S\000\137\000F\000L\000A\000K\000E\000\040\000n\000a\000m\000e\000l\000i\000s\000t\000\040\000m\000e\000m\000b\000e\000r\000s}{section.6.21}% 321
\BOOKMARK [3][-]{subsubsection*.581}{\376\377\000L\000i\000s\000t\000\040\000o\000f\000\040\000F\000L\000a\000k\000e\000\040\000p\000a\000r\000a\000m\000e\000t\000e\000r\000s}{subsection.6.21.14}% 322
\BOOKMARK [2][-]{subsection.6.21.15}{\376\377\000R\000e\000f\000e\000r\000e\000n\000c\000e\000s\000\040\000f\000o\000r\000\040\000a\000n\000c\000i\000l\000l\000a\000r\000i\000e\000s}{section.6.21}% 323
\BOOKMARK [1][-]{section.6.22}{\376\377\000c\000a\000b\000l\000e\000\137\000p\000r\000o\000g\000n\000o\000s\000t\000i\000c\000s\000.\000n\000m\000l}{chapter.6}% 324
\BOOKMARK [2][-]{subsection.6.22.1}{\376\377\000C\000A\000B\000L\000E\000\137\000P\000R\000O\000G\000S\000\040\000n\000a\000m\000e\000l\000i\000s\000t\000\040\000m\000e\000m\000b\000e\000r\000s}{section.6.22}% 325
\BOOKMARK [3][-]{subsubsection*.589}{\376\377\000L\000i\000s\000t\000\040\000o\000f\000\040\000C\000A\000B\000L\000E\000\040\000p\000r\000o\000g\000n\000o\000s\000t\000i\000c\000\040\000v\000a\000r\000i\000a\000b\000l\000e\000s}{subsection.6.22.1}% 326
\BOOKMARK [1][-]{section.6.23}{\376\377\000p\000f\000t\000\137\000p\000a\000r\000a\000m\000s\000.\000n\000m\000l}{chapter.6}% 327
\BOOKMARK [2][-]{subsection.6.23.1}{\376\377\000J\000U\000L\000E\000S\000\137\000P\000F\000T\000P\000A\000R\000M\000\040\000n\000a\000m\000e\000l\000i\000s\000t\000\040\000m\000e\000m\000b\000e\000r\000s}{section.6.23}% 328
\BOOKMARK [1][-]{section.6.24}{\376\377\000c\000a\000b\000l\000e\000\137\000p\000f\000t\000p\000a\000r\000m\000.\000n\000m\000l}{chapter.6}% 329
\BOOKMARK [2][-]{subsection.6.24.1}{\376\377\000C\000A\000B\000L\000E\000\137\000P\000F\000T\000P\000A\000R\000M\000\040\000n\000a\000m\000e\000l\000i\000s\000t\000\040\000m\000e\000m\000b\000e\000r\000s}{section.6.24}% 330
\BOOKMARK [1][-]{section.6.25}{\376\377\000n\000v\000e\000g\000\137\000p\000a\000r\000a\000m\000s\000.\000n\000m\000l}{chapter.6}% 331
\BOOKMARK [2][-]{subsection.6.25.1}{\376\377\000J\000U\000L\000E\000S\000\137\000N\000V\000E\000G\000P\000A\000R\000M\000\040\000n\000a\000m\000e\000l\000i\000s\000t\000\040\000m\000e\000m\000b\000e\000r\000s}{section.6.25}% 332
\BOOKMARK [1][-]{section.6.26}{\376\377\000c\000a\000b\000l\000e\000\137\000s\000o\000i\000l\000p\000a\000r\000m\000.\000n\000m\000l}{chapter.6}% 333
\BOOKMARK [2][-]{subsection.6.26.1}{\376\377\000C\000A\000B\000L\000E\000\137\000S\000O\000I\000L\000P\000A\000R\000M\000\040\000n\000a\000m\000e\000l\000i\000s\000t\000\040\000m\000e\000m\000b\000e\000r\000s}{section.6.26}% 334
\BOOKMARK [1][-]{section.6.27}{\376\377\000c\000r\000o\000p\000\137\000p\000a\000r\000a\000m\000s\000.\000n\000m\000l}{chapter.6}% 335
\BOOKMARK [2][-]{subsection.6.27.1}{\376\377\000J\000U\000L\000E\000S\000\137\000C\000R\000O\000P\000P\000A\000R\000M\000\040\000n\000a\000m\000e\000l\000i\000s\000t\000\040\000m\000e\000m\000b\000e\000r\000s}{section.6.27}% 336
\BOOKMARK [1][-]{section.6.28}{\376\377\000t\000r\000i\000f\000f\000i\000d\000\137\000p\000a\000r\000a\000m\000s\000.\000n\000m\000l}{chapter.6}% 337
\BOOKMARK [2][-]{subsection.6.28.1}{\376\377\000J\000U\000L\000E\000S\000\137\000T\000R\000I\000F\000F\000I\000D\000\040\000n\000a\000m\000e\000l\000i\000s\000t\000\040\000m\000e\000m\000b\000e\000r\000s}{section.6.28}% 338
\BOOKMARK [1][-]{section.6.29}{\376\377\000u\000r\000b\000a\000n\000.\000n\000m\000l}{chapter.6}% 339
\BOOKMARK [2][-]{subsection.6.29.1}{\376\377\000J\000U\000L\000E\000S\000\137\000U\000R\000B\000A\000N\000\040\000n\000a\000m\000e\000l\000i\000s\000t\000\040\000m\000e\000m\000b\000e\000r\000s}{section.6.29}% 340
\BOOKMARK [1][-]{section.6.30}{\376\377\000f\000i\000r\000e\000.\000n\000m\000l}{chapter.6}% 341
\BOOKMARK [2][-]{subsection.6.30.1}{\376\377\000F\000I\000R\000E\000\137\000S\000W\000I\000T\000C\000H\000E\000S\000\040\000n\000a\000m\000e\000l\000i\000s\000t\000\040\000m\000e\000m\000b\000e\000r\000s}{section.6.30}% 342
\BOOKMARK [1][-]{section.6.31}{\376\377\000d\000r\000i\000v\000e\000.\000n\000m\000l}{chapter.6}% 343
\BOOKMARK [2][-]{subsection.6.31.1}{\376\377\000J\000U\000L\000E\000S\000\137\000D\000R\000I\000V\000E\000\040\000n\000a\000m\000e\000l\000i\000s\000t\000\040\000m\000e\000m\000b\000e\000r\000s}{section.6.31}% 344
\BOOKMARK [3][-]{subsubsection*.859}{\376\377\000L\000i\000s\000t\000\040\000o\000f\000\040\000J\000U\000L\000E\000S\000\040\000f\000o\000r\000c\000i\000n\000g\000\040\000v\000a\000r\000i\000a\000b\000l\000e\000s}{subsection.6.31.1}% 345
\BOOKMARK [4][-]{paragraph*.860}{\376\377\000P\000r\000e\000s\000s\000u\000r\000e\000,\000\040\000H\000u\000m\000i\000d\000i\000t\000y\000\040\000a\000n\000d\000\040\000T\000e\000m\000p\000e\000r\000a\000t\000u\000r\000e}{subsubsection*.859}% 346
\BOOKMARK [4][-]{paragraph*.861}{\376\377\000R\000a\000d\000i\000a\000t\000i\000o\000n\000\040\000v\000a\000r\000i\000a\000b\000l\000e\000s}{subsubsection*.859}% 347
\BOOKMARK [4][-]{paragraph*.862}{\376\377\000P\000r\000e\000c\000i\000p\000i\000t\000a\000t\000i\000o\000n\000\040\000v\000a\000r\000i\000a\000b\000l\000e\000s}{subsubsection*.859}% 348
\BOOKMARK [4][-]{paragraph*.863}{\376\377\000W\000i\000n\000d\000\040\000v\000a\000r\000i\000a\000b\000l\000e\000s}{subsubsection*.859}% 349
\BOOKMARK [4][-]{paragraph*.864}{\376\377\000D\000a\000i\000l\000y\000\040\000d\000i\000s\000a\000g\000g\000r\000e\000g\000a\000t\000o\000r\000\040\000v\000a\000r\000i\000a\000b\000l\000e\000s}{subsubsection*.859}% 350
\BOOKMARK [2][-]{subsection.6.31.2}{\376\377\000E\000x\000a\000m\000p\000l\000e\000s\000\040\000o\000f\000\040\000s\000p\000e\000c\000i\000f\000y\000i\000n\000g\000\040\000d\000r\000i\000v\000i\000n\000g\000\040\000d\000a\000t\000a}{section.6.31}% 351
\BOOKMARK [3][-]{subsubsection*.865}{\376\377\000S\000i\000n\000g\000l\000e\000\040\000p\000o\000i\000n\000t\000\040\000A\000S\000C\000I\000I\000\040\000d\000r\000i\000v\000i\000n\000g\000\040\000d\000a\000t\000a\000\040\000f\000o\000r\000\040\000o\000n\000e\000\040\000y\000e\000a\000r}{subsection.6.31.2}% 352
\BOOKMARK [3][-]{subsubsection*.866}{\376\377\000D\000r\000i\000v\000i\000n\000g\000\040\000d\000a\000t\000a\000\040\000f\000r\000o\000m\000\040\000N\000e\000t\000C\000D\000F\000\040\000f\000i\000l\000e\000s\000\040\000w\000i\000t\000h\000\040\000o\000n\000e\000\040\000v\000a\000r\000i\000a\000b\000l\000e\000\040\000p\000e\000r\000\040\000f\000i\000l\000e}{subsection.6.31.2}% 353
\BOOKMARK [1][-]{section.6.32}{\376\377\000i\000m\000o\000g\000e\000n\000.\000n\000m\000l}{chapter.6}% 354
\BOOKMARK [2][-]{subsection.6.32.1}{\376\377\000I\000M\000O\000G\000E\000N\000\137\000O\000N\000O\000F\000F\000\137\000S\000W\000I\000T\000C\000H\000\040\000n\000a\000m\000e\000l\000i\000s\000t\000\040\000m\000e\000m\000b\000e\000r\000s}{section.6.32}% 355
\BOOKMARK [2][-]{subsection.6.32.2}{\376\377\000I\000M\000O\000G\000E\000N\000\137\000R\000U\000N\000\137\000L\000I\000S\000T\000\040\000n\000a\000m\000e\000l\000i\000s\000t\000\040\000m\000e\000m\000b\000e\000r\000s}{section.6.32}% 356
\BOOKMARK [2][-]{subsection.6.32.3}{\376\377\000I\000M\000O\000G\000E\000N\000\137\000A\000N\000L\000G\000\137\000V\000A\000L\000S\000\137\000L\000I\000S\000T\000\040\000n\000a\000m\000e\000l\000i\000s\000t\000\040\000m\000e\000m\000b\000e\000r\000s}{section.6.32}% 357
\BOOKMARK [1][-]{section.6.33}{\376\377\000p\000r\000e\000s\000c\000r\000i\000b\000e\000d\000\137\000d\000a\000t\000a\000.\000n\000m\000l}{chapter.6}% 358
\BOOKMARK [2][-]{subsection.6.33.1}{\376\377\000J\000U\000L\000E\000S\000\137\000P\000R\000E\000S\000C\000R\000I\000B\000E\000D\000\040\000n\000a\000m\000e\000l\000i\000s\000t\000\040\000m\000e\000m\000b\000e\000r\000s}{section.6.33}% 359
\BOOKMARK [2][-]{subsection.6.33.2}{\376\377\000J\000U\000L\000E\000S\000\137\000P\000R\000E\000S\000C\000R\000I\000B\000E\000D\000\137\000D\000A\000T\000A\000S\000E\000T\000\040\000n\000a\000m\000e\000l\000i\000s\000t\000\040\000m\000e\000m\000b\000e\000r\000s}{section.6.33}% 360
\BOOKMARK [3][-]{subsubsection*.918}{\376\377\000L\000i\000s\000t\000\040\000o\000f\000\040\000s\000u\000p\000p\000o\000r\000t\000e\000d\000\040\000v\000a\000r\000i\000a\000b\000l\000e\000s}{subsection.6.33.2}% 361
\BOOKMARK [1][-]{section.6.34}{\376\377\000i\000n\000i\000t\000i\000a\000l\000\137\000c\000o\000n\000d\000i\000t\000i\000o\000n\000s\000.\000n\000m\000l}{chapter.6}% 362
\BOOKMARK [2][-]{subsection.6.34.1}{\376\377\000J\000U\000L\000E\000S\000\137\000I\000N\000I\000T\000I\000A\000L\000\040\000n\000a\000m\000e\000l\000i\000s\000t\000\040\000m\000e\000m\000b\000e\000r\000s}{section.6.34}% 363
\BOOKMARK [3][-]{subsubsection*.929}{\376\377\000L\000i\000s\000t\000\040\000o\000f\000\040\000i\000n\000i\000t\000i\000a\000l\000\040\000c\000o\000n\000d\000i\000t\000i\000o\000n\000\040\000v\000a\000r\000i\000a\000b\000l\000e\000s}{subsection.6.34.1}% 364
\BOOKMARK [2][-]{subsection.6.34.2}{\376\377\000E\000x\000a\000m\000p\000l\000e\000s\000\040\000o\000f\000\040\000s\000p\000e\000c\000i\000f\000i\000c\000a\000t\000i\000o\000n\000\040\000o\000f\000\040\000i\000n\000i\000t\000i\000a\000l\000\040\000s\000t\000a\000t\000e}{section.6.34}% 365
\BOOKMARK [3][-]{subsubsection*.930}{\376\377\000S\000p\000e\000c\000i\000f\000i\000c\000a\000t\000i\000o\000n\000\040\000o\000f\000\040\000i\000n\000i\000t\000i\000a\000l\000\040\000s\000t\000a\000t\000e\000\040\000a\000t\000\040\000a\000\040\000s\000i\000n\000g\000l\000e\000\040\000p\000o\000i\000n\000t}{subsection.6.34.2}% 366
\BOOKMARK [3][-]{subsubsection*.931}{\376\377\000S\000p\000e\000c\000i\000f\000i\000c\000a\000t\000i\000o\000n\000\040\000o\000f\000\040\000i\000n\000i\000t\000i\000a\000l\000\040\000s\000t\000a\000t\000e\000\040\000f\000r\000o\000m\000\040\000a\000n\000\040\000e\000x\000i\000s\000t\000i\000n\000g\000\040\000d\000u\000m\000p\000\040\000f\000i\000l\000e}{subsection.6.34.2}% 367
\BOOKMARK [1][-]{section.6.35}{\376\377\000o\000u\000t\000p\000u\000t\000.\000n\000m\000l}{chapter.6}% 368
\BOOKMARK [2][-]{subsection.6.35.1}{\376\377\000J\000U\000L\000E\000S\000\137\000O\000U\000T\000P\000U\000T\000\040\000n\000a\000m\000e\000l\000i\000s\000t\000\040\000m\000e\000m\000b\000e\000r\000s}{section.6.35}% 369
\BOOKMARK [2][-]{subsection.6.35.2}{\376\377\000J\000U\000L\000E\000S\000\137\000O\000U\000T\000P\000U\000T\000\137\000P\000R\000O\000F\000I\000L\000E\000\040\000n\000a\000m\000e\000l\000i\000s\000t\000\040\000m\000e\000m\000b\000e\000r\000s}{section.6.35}% 370
\BOOKMARK [2][-]{subsection.6.35.3}{\376\377\000E\000x\000a\000m\000p\000l\000e\000\040\000o\000f\000\040\000r\000e\000q\000u\000e\000s\000t\000i\000n\000g\000\040\000o\000u\000t\000p\000u\000t}{section.6.35}% 371
\BOOKMARK [1][-]{section.6.36}{\376\377\000o\000a\000s\000i\000s\000\137\000r\000i\000v\000e\000r\000s\000.\000n\000m\000l}{chapter.6}% 372
\BOOKMARK [2][-]{subsection.6.36.1}{\376\377\000O\000A\000S\000I\000S\000\137\000R\000I\000V\000E\000R\000S\000\040\000n\000a\000m\000e\000l\000i\000s\000t\000\040\000m\000e\000m\000b\000e\000r\000s}{section.6.36}% 373
\BOOKMARK [2][-]{subsection.6.36.2}{\376\377\000E\000x\000a\000m\000p\000l\000e\000\040\000o\000f\000\040\000c\000o\000u\000p\000l\000i\000n\000g\000\040\000r\000e\000q\000u\000e\000s\000t}{section.6.36}% 374
\BOOKMARK [0][-]{chapter.7}{\376\377\000J\000U\000L\000E\000S\000\040\000e\000x\000a\000m\000p\000l\000e\000s}{}% 375
\BOOKMARK [0][-]{chapter.8}{\376\377\000A\000s\000p\000e\000c\000t\000s\000\040\000o\000f\000\040\000t\000h\000e\000\040\000c\000o\000d\000e}{}% 376
\BOOKMARK [1][-]{section.8.1}{\376\377\000I\000/\000O\000\040\000f\000r\000a\000m\000e\000w\000o\000r\000k}{chapter.8}% 377
\BOOKMARK [2][-]{subsection.8.1.1}{\376\377\000O\000v\000e\000r\000v\000i\000e\000w}{section.8.1}% 378
\BOOKMARK [2][-]{subsection.8.1.2}{\376\377\000I\000m\000p\000l\000e\000m\000e\000n\000t\000i\000n\000g\000\040\000n\000e\000w\000\040\000v\000a\000r\000i\000a\000b\000l\000e\000s\000\040\000f\000o\000r\000\040\000i\000n\000p\000u\000t\000\040\000a\000n\000d\000\040\000o\000u\000t\000p\000u\000t}{section.8.1}% 379
\BOOKMARK [2][-]{subsection.8.1.3}{\376\377\000I\000m\000p\000l\000e\000m\000e\000n\000t\000i\000n\000g\000\040\000a\000\040\000n\000e\000w\000\040\000f\000i\000l\000e\000\040\000f\000o\000r\000m\000a\000t}{section.8.1}% 380
\BOOKMARK [1][-]{section.8.2}{\376\377\000K\000n\000o\000w\000n\000\040\000l\000i\000m\000i\000t\000a\000t\000i\000o\000n\000s\000\040\000o\000f\000\040\000t\000h\000e\000\040\000c\000o\000d\000e}{chapter.8}% 381
\BOOKMARK [2][-]{subsection.8.2.1}{\376\377\000L\000i\000m\000i\000t\000\040\000t\000o\000\040\000l\000o\000n\000g\000e\000s\000t\000\040\000p\000o\000s\000s\000i\000b\000l\000e\000\040\000r\000u\000n}{section.8.2}% 382
\BOOKMARK [2][-]{subsection.8.2.2}{\376\377\000S\000p\000i\000n\000-\000u\000p\000\040\000o\000v\000e\000r\000\040\000s\000h\000o\000r\000t\000\040\000p\000e\000r\000i\000o\000d\000s}{section.8.2}% 383
\BOOKMARK [2][-]{subsection.8.2.3}{\376\377\000U\000p\000g\000r\000a\000d\000e\000\040\000m\000a\000c\000r\000o\000s\000\040\000f\000o\000r\000\040\000t\000h\000e\000\040\000J\000U\000L\000E\000S\000\137\000V\000E\000G\000E\000T\000A\000T\000I\000O\000N\000\137\000P\000R\000O\000P\000S\000\040\000n\000a\000m\000e\000l\000i\000s\000t}{section.8.2}% 384
\BOOKMARK [0][-]{chapter.9}{\376\377\000J\000U\000L\000E\000S\000\040\000O\000u\000t\000p\000u\000t\000\040\000v\000a\000r\000i\000a\000b\000l\000e\000s}{}% 385
\BOOKMARK [1][-]{section.9.1}{\376\377\000M\000e\000t\000e\000o\000r\000o\000l\000o\000g\000y}{chapter.9}% 386
\BOOKMARK [1][-]{section.9.2}{\376\377\000R\000a\000d\000i\000a\000t\000i\000o\000n}{chapter.9}% 387
\BOOKMARK [1][-]{section.9.3}{\376\377\000E\000n\000e\000r\000g\000y\000\040\000a\000n\000d\000\040\000m\000o\000m\000e\000n\000t\000u\000m\000\040\000f\000l\000u\000x\000e\000s\000,\000\040\000a\000n\000d\000\040\000s\000u\000r\000f\000a\000c\000e\000\040\000t\000e\000m\000p\000e\000r\000a\000t\000u\000r\000e\000s}{chapter.9}% 388
\BOOKMARK [1][-]{section.9.4}{\376\377\000S\000o\000i\000l\000\040\000m\000o\000i\000s\000t\000u\000r\000e\000\040\000a\000n\000d\000\040\000t\000e\000m\000p\000e\000r\000a\000t\000u\000r\000e\000,\000\040\000a\000n\000d\000\040\000s\000o\000i\000l\000\040\000c\000h\000a\000r\000a\000c\000t\000e\000r\000i\000s\000t\000i\000c\000s}{chapter.9}% 389
\BOOKMARK [1][-]{section.9.5}{\376\377\000H\000y\000d\000r\000o\000l\000o\000g\000y}{chapter.9}% 390
\BOOKMARK [1][-]{section.9.6}{\376\377\000R\000i\000v\000e\000r\000s}{chapter.9}% 391
\BOOKMARK [1][-]{section.9.7}{\376\377\000S\000n\000o\000w}{chapter.9}% 392
\BOOKMARK [1][-]{section.9.8}{\376\377\000V\000e\000g\000e\000t\000a\000t\000i\000o\000n\000\040\000c\000a\000r\000b\000o\000n\000\040\000a\000n\000d\000\040\000r\000e\000l\000a\000t\000e\000d\000\040\000f\000l\000u\000x\000e\000s}{chapter.9}% 393
\BOOKMARK [1][-]{section.9.9}{\376\377\000V\000e\000g\000e\000t\000a\000t\000i\000o\000n\000\040\000n\000i\000t\000r\000o\000g\000e\000n\000\040\000a\000n\000d\000\040\000r\000e\000l\000a\000t\000e\000d\000\040\000f\000l\000u\000x\000e\000s}{chapter.9}% 394
\BOOKMARK [1][-]{section.9.10}{\376\377\000S\000o\000i\000l\000\040\000c\000a\000r\000b\000o\000n\000\040\000a\000n\000d\000\040\000r\000e\000l\000a\000t\000e\000d\000\040\000f\000l\000u\000x\000e\000s}{chapter.9}% 395
\BOOKMARK [1][-]{section.9.11}{\376\377\000S\000o\000i\000l\000\040\000n\000i\000t\000r\000o\000g\000e\000n\000\040\000a\000n\000d\000\040\000r\000e\000l\000a\000t\000e\000d\000\040\000f\000l\000u\000x\000e\000s}{chapter.9}% 396
\BOOKMARK [1][-]{section.9.12}{\376\377\000F\000i\000r\000e}{chapter.9}% 397
\BOOKMARK [1][-]{section.9.13}{\376\377\000C\000r\000o\000p\000s}{chapter.9}% 398
\BOOKMARK [1][-]{section.9.14}{\376\377\000T\000r\000a\000c\000e\000\040\000g\000a\000s\000\040\000c\000o\000n\000c\000e\000n\000t\000r\000a\000t\000i\000o\000n\000s\000\040\000a\000n\000d\000\040\000f\000l\000u\000x\000e\000s}{chapter.9}% 399
\BOOKMARK [1][-]{section.9.15}{\376\377\000W\000a\000t\000e\000r\000\040\000r\000e\000s\000o\000u\000r\000c\000e\000s}{chapter.9}% 400
\BOOKMARK [1][-]{section.9.16}{\376\377\000U\000r\000b\000a\000n}{chapter.9}% 401
\BOOKMARK [1][-]{section.9.17}{\376\377\000I\000M\000O\000G\000E\000N}{chapter.9}% 402
\BOOKMARK [1][-]{section.9.18}{\376\377\000G\000r\000i\000d\000\040\000a\000n\000d\000\040\000i\000n\000d\000e\000x\000i\000n\000g\000\040\000v\000a\000r\000i\000a\000b\000l\000e\000s}{chapter.9}% 403
\BOOKMARK [0][-]{section*.957}{\376\377\000F\000o\000r\000t\000r\000a\000n\000\040\000N\000a\000m\000e\000l\000i\000s\000t\000\040\000I\000n\000d\000e\000x}{}% 404
\BOOKMARK [0][-]{section*.958}{\376\377\000I\000n\000d\000e\000x}{}% 405
